Using pre-set license
Built from 'HEAD' branch; Version is '2021.3.12f1c2 (ffeb050254a0) revision 16771845'; Using compiler version '192829333'; Build Type 'Release'
OS: 'Windows 11  (10.0.22631) 64bit CoreCountrySpecific' Language: 'zh' Physical Memory: 16068 MB
BatchMode: 1, IsHumanControllingUs: 0, StartBugReporterOnCrash: 0, Is64bit: 1, IsPro: 1

COMMAND LINE ARGUMENTS:
C:\Program Files\Unity\Hub\Editor\2021.3.12f1c2\Editor\Unity.exe
-adb2
-batchMode
-noUpm
-name
AssetImportWorker9
-projectPath
D:/SupermarkeT
-logFile
Logs/AssetImportWorker9.log
-srvPort
1928
Successfully changed project path to: D:/SupermarkeT
D:/SupermarkeT
[UnityMemory] Configuration Parameters - Can be set up in boot.config
    "memorysetup-bucket-allocator-granularity=16"
    "memorysetup-bucket-allocator-bucket-count=8"
    "memorysetup-bucket-allocator-block-size=33554432"
    "memorysetup-bucket-allocator-block-count=8"
    "memorysetup-main-allocator-block-size=16777216"
    "memorysetup-thread-allocator-block-size=16777216"
    "memorysetup-gfx-main-allocator-block-size=16777216"
    "memorysetup-gfx-thread-allocator-block-size=16777216"
    "memorysetup-cache-allocator-block-size=4194304"
    "memorysetup-typetree-allocator-block-size=2097152"
    "memorysetup-profiler-bucket-allocator-granularity=16"
    "memorysetup-profiler-bucket-allocator-bucket-count=8"
    "memorysetup-profiler-bucket-allocator-block-size=33554432"
    "memorysetup-profiler-bucket-allocator-block-count=8"
    "memorysetup-profiler-allocator-block-size=16777216"
    "memorysetup-profiler-editor-allocator-block-size=1048576"
    "memorysetup-temp-allocator-size-main=16777216"
    "memorysetup-job-temp-allocator-block-size=2097152"
    "memorysetup-job-temp-allocator-block-size-background=1048576"
    "memorysetup-job-temp-allocator-reduction-small-platforms=262144"
    "memorysetup-temp-allocator-size-background-worker=32768"
    "memorysetup-temp-allocator-size-job-worker=262144"
    "memorysetup-temp-allocator-size-preload-manager=33554432"
    "memorysetup-temp-allocator-size-nav-mesh-worker=65536"
    "memorysetup-temp-allocator-size-audio-worker=65536"
    "memorysetup-temp-allocator-size-cloud-worker=32768"
    "memorysetup-temp-allocator-size-gi-baking-worker=262144"
    "memorysetup-temp-allocator-size-gfx=262144"
AS: AutoStreaming module initializing.
Refreshing native plugins compatible for Editor in 77.10 ms, found 3 plugins.
Preloading 0 native plugins for Editor in 0.00 ms.
Initialize engine version: 2021.3.12f1c2 (ffeb050254a0)
[Subsystems] Discovering subsystems at path C:/Program Files/Unity/Hub/Editor/2021.3.12f1c2/Editor/Data/Resources/UnitySubsystems
[Subsystems] Discovering subsystems at path D:/SupermarkeT/Assets
GfxDevice: creating device client; threaded=0; jobified=0
Direct3D:
    Version:  Direct3D 11.0 [level 11.1]
    Renderer: NVIDIA GeForce RTX 3050 Laptop GPU (ID=0x25e2)
    Vendor:   NVIDIA
    VRAM:     3964 MB
    Driver:   32.0.15.5599
Initialize mono
Mono path[0] = 'C:/Program Files/Unity/Hub/Editor/2021.3.12f1c2/Editor/Data/Managed'
Mono path[1] = 'C:/Program Files/Unity/Hub/Editor/2021.3.12f1c2/Editor/Data/MonoBleedingEdge/lib/mono/unityjit-win32'
Mono config path = 'C:/Program Files/Unity/Hub/Editor/2021.3.12f1c2/Editor/Data/MonoBleedingEdge/etc'
Using monoOptions --debugger-agent=transport=dt_socket,embedding=1,server=y,suspend=n,address=127.0.0.1:56032
Begin MonoManager ReloadAssembly
Registering precompiled unity dll's ...
Register platform support module: C:/Program Files/Unity/Hub/Editor/2021.3.12f1c2/Editor/Data/PlaybackEngines/MacStandaloneSupport/UnityEditor.OSXStandalone.Extensions.dll
Register platform support module: C:/Program Files/Unity/Hub/Editor/2021.3.12f1c2/Editor/Data/PlaybackEngines/WindowsStandaloneSupport/UnityEditor.WindowsStandalone.Extensions.dll
Registered in 0.019452 seconds.
Native extension for WindowsStandalone target not found
Native extension for OSXStandalone target not found
Refreshing native plugins compatible for Editor in 84.84 ms, found 3 plugins.
Preloading 0 native plugins for Editor in 0.00 ms.
Mono: successfully reloaded assembly
- Completed reload, in  0.603 seconds
Domain Reload Profiling:
	ReloadAssembly (604ms)
		BeginReloadAssembly (74ms)
			ExecutionOrderSort (0ms)
			DisableScriptedObjects (0ms)
			BackupInstance (0ms)
			ReleaseScriptingObjects (0ms)
			CreateAndSetChildDomain (0ms)
		EndReloadAssembly (404ms)
			LoadAssemblies (68ms)
			RebuildTransferFunctionScriptingTraits (0ms)
			SetupTypeCache (80ms)
			ReleaseScriptCaches (0ms)
			RebuildScriptCaches (23ms)
			SetupLoadedEditorAssemblies (245ms)
				LogAssemblyErrors (0ms)
				InitializePlatformSupportModulesInManaged (17ms)
				SetLoadedEditorAssemblies (0ms)
				RefreshPlugins (85ms)
				BeforeProcessingInitializeOnLoad (1ms)
				ProcessInitializeOnLoadAttributes (100ms)
				ProcessInitializeOnLoadMethodAttributes (41ms)
				AfterProcessingInitializeOnLoad (0ms)
				EditorAssembliesLoaded (0ms)
			ExecutionOrderSort2 (0ms)
			AwakeInstancesAfterBackupRestoration (0ms)
Platform modules already initialized, skipping
Registering precompiled user dll's ...
Registered in 0.015731 seconds.
Begin MonoManager ReloadAssembly
Symbol file LoadedFromMemory doesn't match image D:\SupermarkeT\Library\PackageCache\com.unity.visualscripting@1.7.8\Editor\VisualScripting.Core\Dependencies\YamlDotNet\Unity.VisualScripting.YamlDotNet.dll
Symbol file LoadedFromMemory doesn't match image D:\SupermarkeT\Library\PackageCache\com.unity.visualscripting@1.7.8\Editor\VisualScripting.Core\Dependencies\DotNetZip\Unity.VisualScripting.IonicZip.dll
Native extension for WindowsStandalone target not found
Native extension for OSXStandalone target not found
Refreshing native plugins compatible for Editor in 0.68 ms, found 3 plugins.
Preloading 0 native plugins for Editor in 0.00 ms.
Mono: successfully reloaded assembly
- Completed reload, in  0.966 seconds
Domain Reload Profiling:
	ReloadAssembly (966ms)
		BeginReloadAssembly (100ms)
			ExecutionOrderSort (0ms)
			DisableScriptedObjects (4ms)
			BackupInstance (0ms)
			ReleaseScriptingObjects (0ms)
			CreateAndSetChildDomain (13ms)
		EndReloadAssembly (755ms)
			LoadAssemblies (82ms)
			RebuildTransferFunctionScriptingTraits (0ms)
			SetupTypeCache (194ms)
			ReleaseScriptCaches (0ms)
			RebuildScriptCaches (39ms)
			SetupLoadedEditorAssemblies (399ms)
				LogAssemblyErrors (0ms)
				InitializePlatformSupportModulesInManaged (14ms)
				SetLoadedEditorAssemblies (0ms)
				RefreshPlugins (1ms)
				BeforeProcessingInitializeOnLoad (106ms)
				ProcessInitializeOnLoadAttributes (230ms)
				ProcessInitializeOnLoadMethodAttributes (23ms)
				AfterProcessingInitializeOnLoad (25ms)
				EditorAssembliesLoaded (0ms)
			ExecutionOrderSort2 (0ms)
			AwakeInstancesAfterBackupRestoration (7ms)
Platform modules already initialized, skipping
========================================================================
Worker process is ready to serve import requests
Launched and connected shader compiler UnityShaderCompiler.exe after 0.12 seconds
Refreshing native plugins compatible for Editor in 0.64 ms, found 3 plugins.
Preloading 0 native plugins for Editor in 0.00 ms.
Unloading 3547 Unused Serialized files (Serialized files now loaded: 0)
Unloading 40 unused Assets / (185.3 KB). Loaded Objects now: 4008.
Memory consumption went from 129.6 MB to 129.4 MB.
Total: 4.061200 ms (FindLiveObjects: 0.282700 ms CreateObjectMapping: 0.136600 ms MarkObjects: 3.468100 ms  DeleteObjects: 0.172200 ms)

AssetImportParameters requested are different than current active one (requested -> active):
  custom:video-decoder-ogg-theora: a1e56fd34408186e4bbccfd4996cb3dc -> 
  custom:container-muxer-webm: aa71ff27fc2769a1b78a27578f13a17b -> 
  custom:container-demuxer-webm: 4f35f7cbe854078d1ac9338744f61a02 -> 
  custom:video-encoder-webm-vp8: eb34c28f22e8b96e1ab97ce403110664 -> 
  custom:video-codec-MediaFoundation-h265: 746d11721c4dcdbdad8f713fa42b33f4 -> 
  custom:audio-encoder-webm-vorbis: bf7c407c2cedff20999df2af8eb42d56 -> 
  custom:framework-win-MediaFoundation: 216162199b28c13a410421893ffa2e32 -> 
  custom:container-demuxer-ogg: 62fdf1f143b41e24485cea50d1cbac27 -> 
  custom:video-decoder-webm-vp8: 9c59270c3fd7afecdb556c50c9e8de78 -> 
  custom:audio-decoder-ogg-vorbis: bf7c407c2cedff20999df2af8eb42d56 -> 
========================================================================
Received Import Request.
  Time since last request: 4133.711817 seconds.
  path: Assets/ModernSupermarket/Prefabs/Props/Products/Cake_a3h87k.prefab
  artifactKey: Guid(c92d0462d1b7fd243b6bea3f8c600794) Importer(815301076,1909f56bfc062723c751e8b465ee728b)
Start importing Assets/ModernSupermarket/Prefabs/Props/Products/Cake_a3h87k.prefab using Guid(c92d0462d1b7fd243b6bea3f8c600794) Importer(815301076,1909f56bfc062723c751e8b465ee728b)  -> (artifact id: '6840bf121d18ed8936b88fadf2b358bc') in 0.228939 seconds 
========================================================================
Received Import Request.
  Time since last request: 0.000054 seconds.
  path: Assets/ModernSupermarket/Prefabs/Props/Products/Capsule_xrahaz_Pack01.prefab
  artifactKey: Guid(707d0d176e56f1440a48b3f44c91c0f5) Importer(815301076,1909f56bfc062723c751e8b465ee728b)
Start importing Assets/ModernSupermarket/Prefabs/Props/Products/Capsule_xrahaz_Pack01.prefab using Guid(707d0d176e56f1440a48b3f44c91c0f5) Importer(815301076,1909f56bfc062723c751e8b465ee728b)  -> (artifact id: 'ea1c9bac4f3fedf08c823f03b5b54104') in 0.042368 seconds 
========================================================================
Received Import Request.
  Time since last request: 0.000055 seconds.
  path: Assets/ModernSupermarket/Prefabs/Props/Products/CansPack_f98qxo.prefab
  artifactKey: Guid(5f7efea257e22ae41a365428c68d5a95) Importer(815301076,1909f56bfc062723c751e8b465ee728b)
Start importing Assets/ModernSupermarket/Prefabs/Props/Products/CansPack_f98qxo.prefab using Guid(5f7efea257e22ae41a365428c68d5a95) Importer(815301076,1909f56bfc062723c751e8b465ee728b)  -> (artifact id: '1f0035c7009cf8122813707c540c5183') in 0.186000 seconds 
========================================================================
Received Import Request.
  Time since last request: 0.000022 seconds.
  path: Assets/ModernSupermarket/Prefabs/Props/Products/Capsule_dchvzi_Pack01.prefab
  artifactKey: Guid(2ee2b387e432c8040bf1f0b888688398) Importer(815301076,1909f56bfc062723c751e8b465ee728b)
Start importing Assets/ModernSupermarket/Prefabs/Props/Products/Capsule_dchvzi_Pack01.prefab using Guid(2ee2b387e432c8040bf1f0b888688398) Importer(815301076,1909f56bfc062723c751e8b465ee728b)  -> (artifact id: 'd173ced12018a8bd60aaa2185437e840') in 0.026088 seconds 
========================================================================
Received Import Request.
  Time since last request: 0.000065 seconds.
  path: Assets/ModernSupermarket/Prefabs/Props/Products/Cheese_bn26cq_Var02.prefab
  artifactKey: Guid(c5f638dd73fde034f917979c7e24da0a) Importer(815301076,1909f56bfc062723c751e8b465ee728b)
Start importing Assets/ModernSupermarket/Prefabs/Props/Products/Cheese_bn26cq_Var02.prefab using Guid(c5f638dd73fde034f917979c7e24da0a) Importer(815301076,1909f56bfc062723c751e8b465ee728b)  -> (artifact id: 'dbf7c346e4001c7bdedc9e60c560e7ee') in 0.030827 seconds 
========================================================================
Received Import Request.
  Time since last request: 0.000035 seconds.
  path: Assets/ModernSupermarket/Prefabs/Props/Products/Cake_p6lebj_Var01.prefab
  artifactKey: Guid(26b7235215fa8bf48af32129e41d4052) Importer(815301076,1909f56bfc062723c751e8b465ee728b)
Start importing Assets/ModernSupermarket/Prefabs/Props/Products/Cake_p6lebj_Var01.prefab using Guid(26b7235215fa8bf48af32129e41d4052) Importer(815301076,1909f56bfc062723c751e8b465ee728b)  -> (artifact id: '6fba291644a5da80f112728bd0cb4db8') in 0.026104 seconds 
========================================================================
Received Import Request.
  Time since last request: 0.000105 seconds.
  path: Assets/ModernSupermarket/Prefabs/Props/Products/Cheese_bn26cq.prefab
  artifactKey: Guid(4e4e5e8d73802ce4a9f026cf5a1c3400) Importer(815301076,1909f56bfc062723c751e8b465ee728b)
Start importing Assets/ModernSupermarket/Prefabs/Props/Products/Cheese_bn26cq.prefab using Guid(4e4e5e8d73802ce4a9f026cf5a1c3400) Importer(815301076,1909f56bfc062723c751e8b465ee728b)  -> (artifact id: '52fd30a59019d353ef09b672281d4b5b') in 0.017890 seconds 
========================================================================
Received Import Request.
  Time since last request: 0.579109 seconds.
  path: Assets/ModernSupermarket/Prefabs/Props/Products/Cheese_ipc281_Var01.prefab
  artifactKey: Guid(0b6686be9c5de654faa639d04e5fcbf3) Importer(815301076,1909f56bfc062723c751e8b465ee728b)
Start importing Assets/ModernSupermarket/Prefabs/Props/Products/Cheese_ipc281_Var01.prefab using Guid(0b6686be9c5de654faa639d04e5fcbf3) Importer(815301076,1909f56bfc062723c751e8b465ee728b)  -> (artifact id: '4e97e54b1cd4b54014fb903d0351368c') in 0.023618 seconds 
========================================================================
Received Import Request.
  Time since last request: 0.000024 seconds.
  path: Assets/ModernSupermarket/Prefabs/Props/Products/Chicken_ozj6pn.prefab
  artifactKey: Guid(b0fa780ad088b4941a42ab7b9efcdf33) Importer(815301076,1909f56bfc062723c751e8b465ee728b)
Start importing Assets/ModernSupermarket/Prefabs/Props/Products/Chicken_ozj6pn.prefab using Guid(b0fa780ad088b4941a42ab7b9efcdf33) Importer(815301076,1909f56bfc062723c751e8b465ee728b)  -> (artifact id: '248aa0188af59aee910c06e9a2e10df9') in 0.064550 seconds 
========================================================================
Received Import Request.
  Time since last request: 0.000027 seconds.
  path: Assets/ModernSupermarket/Prefabs/Props/Products/Chips_w4tja8_Var02.prefab
  artifactKey: Guid(c1a88614e57ccb7408cd17be8bbb5569) Importer(815301076,1909f56bfc062723c751e8b465ee728b)
Start importing Assets/ModernSupermarket/Prefabs/Props/Products/Chips_w4tja8_Var02.prefab using Guid(c1a88614e57ccb7408cd17be8bbb5569) Importer(815301076,1909f56bfc062723c751e8b465ee728b)  -> (artifact id: '652ac1a1343b6d90a26477bc50d727c0') in 0.022955 seconds 
========================================================================
Received Import Request.
  Time since last request: 1.637576 seconds.
  path: Assets/ModernSupermarket/Prefabs/Props/Products/ChocolateBox_b94wj0_Var01.prefab
  artifactKey: Guid(17c73ddd0fbcac243a467132ee0a8891) Importer(815301076,1909f56bfc062723c751e8b465ee728b)
Start importing Assets/ModernSupermarket/Prefabs/Props/Products/ChocolateBox_b94wj0_Var01.prefab using Guid(17c73ddd0fbcac243a467132ee0a8891) Importer(815301076,1909f56bfc062723c751e8b465ee728b)  -> (artifact id: '06cf74978e4ab7ceefa825c99f1ad609') in 0.044591 seconds 
========================================================================
Received Import Request.
  Time since last request: 0.000033 seconds.
  path: Assets/ModernSupermarket/Prefabs/Props/Products/ChocolatePowder_yqoigt_Pack01.prefab
  artifactKey: Guid(09f766f107645e54fada6fe6ad294462) Importer(815301076,1909f56bfc062723c751e8b465ee728b)
Start importing Assets/ModernSupermarket/Prefabs/Props/Products/ChocolatePowder_yqoigt_Pack01.prefab using Guid(09f766f107645e54fada6fe6ad294462) Importer(815301076,1909f56bfc062723c751e8b465ee728b)  -> (artifact id: 'e5a66480ab711abbd056403cbb6a06e5') in 0.030516 seconds 
========================================================================
Received Import Request.
  Time since last request: 0.000090 seconds.
  path: Assets/ModernSupermarket/Prefabs/Props/Products/ChocolateSpread_xhkyij_Pack01_Var01.prefab
  artifactKey: Guid(1b48a5c5990f06343bb73f06606a34c0) Importer(815301076,1909f56bfc062723c751e8b465ee728b)
Start importing Assets/ModernSupermarket/Prefabs/Props/Products/ChocolateSpread_xhkyij_Pack01_Var01.prefab using Guid(1b48a5c5990f06343bb73f06606a34c0) Importer(815301076,1909f56bfc062723c751e8b465ee728b)  -> (artifact id: '42d5593416bf50d4b49e6bd1cccb0f9c') in 0.287498 seconds 
========================================================================
Received Import Request.
  Time since last request: 0.000028 seconds.
  path: Assets/ModernSupermarket/Prefabs/Props/Products/Cleanser_o964qg_Pack01.prefab
  artifactKey: Guid(9c039f663d5475240b04c3df7809489c) Importer(815301076,1909f56bfc062723c751e8b465ee728b)
Start importing Assets/ModernSupermarket/Prefabs/Props/Products/Cleanser_o964qg_Pack01.prefab using Guid(9c039f663d5475240b04c3df7809489c) Importer(815301076,1909f56bfc062723c751e8b465ee728b)  -> (artifact id: 'b816a1528782d68fdb9c098f1d0efc05') in 0.068920 seconds 
========================================================================
Received Import Request.
  Time since last request: 0.000042 seconds.
  path: Assets/ModernSupermarket/Prefabs/Props/Products/Cleanser_o964qg_Pack01_Var01.prefab
  artifactKey: Guid(53815e9eac2c9be48b7dff7affbec0be) Importer(815301076,1909f56bfc062723c751e8b465ee728b)
Start importing Assets/ModernSupermarket/Prefabs/Props/Products/Cleanser_o964qg_Pack01_Var01.prefab using Guid(53815e9eac2c9be48b7dff7affbec0be) Importer(815301076,1909f56bfc062723c751e8b465ee728b)  -> (artifact id: '7668be3ba25292c929d7916f25b4f20a') in 0.028108 seconds 
========================================================================
Received Import Request.
  Time since last request: 0.351146 seconds.
  path: Assets/ModernSupermarket/Prefabs/Props/Products/Cream_jatl5h_Pack01.prefab
  artifactKey: Guid(87a3f278330777b4cb2c622c71686b7a) Importer(815301076,1909f56bfc062723c751e8b465ee728b)
Start importing Assets/ModernSupermarket/Prefabs/Props/Products/Cream_jatl5h_Pack01.prefab using Guid(87a3f278330777b4cb2c622c71686b7a) Importer(815301076,1909f56bfc062723c751e8b465ee728b)  -> (artifact id: 'b7a8f3367397ea246b9f8f6dfdaa18c0') in 0.030355 seconds 
========================================================================
Received Import Request.
  Time since last request: 0.000035 seconds.
  path: Assets/ModernSupermarket/Prefabs/Props/Products/Decoration_3k4dyn_02.prefab
  artifactKey: Guid(bd00bd92bfc72e54d9d5baa2ca114e27) Importer(815301076,1909f56bfc062723c751e8b465ee728b)
Start importing Assets/ModernSupermarket/Prefabs/Props/Products/Decoration_3k4dyn_02.prefab using Guid(bd00bd92bfc72e54d9d5baa2ca114e27) Importer(815301076,1909f56bfc062723c751e8b465ee728b)  -> (artifact id: '7221be5bab34c7f91afe98ef5bd26145') in 0.036615 seconds 
========================================================================
Received Import Request.
  Time since last request: 0.000027 seconds.
  path: Assets/ModernSupermarket/Prefabs/Props/Products/Cream_jatl5h_Pack01_Var01.prefab
  artifactKey: Guid(174dbb2ecd2fb354aa5370dd3c78290d) Importer(815301076,1909f56bfc062723c751e8b465ee728b)
Start importing Assets/ModernSupermarket/Prefabs/Props/Products/Cream_jatl5h_Pack01_Var01.prefab using Guid(174dbb2ecd2fb354aa5370dd3c78290d) Importer(815301076,1909f56bfc062723c751e8b465ee728b)  -> (artifact id: 'c35537c1a2a11d8a15ca96d9021d15b9') in 0.031440 seconds 
========================================================================
Received Import Request.
  Time since last request: 0.000040 seconds.
  path: Assets/ModernSupermarket/Prefabs/Props/Products/Cream_jatl5h_Var01.prefab
  artifactKey: Guid(42e478381f5c92f4c8937722d77d95a8) Importer(815301076,1909f56bfc062723c751e8b465ee728b)
Start importing Assets/ModernSupermarket/Prefabs/Props/Products/Cream_jatl5h_Var01.prefab using Guid(42e478381f5c92f4c8937722d77d95a8) Importer(815301076,1909f56bfc062723c751e8b465ee728b)  -> (artifact id: '53f1567b9fb8b0d338d6f578c5b10a67') in 0.027077 seconds 
========================================================================
Received Import Request.
  Time since last request: 0.000029 seconds.
  path: Assets/ModernSupermarket/Prefabs/Props/Products/Cream_jatl5h_Var02.prefab
  artifactKey: Guid(8bd061c7821d8754d88c52cce24ba3da) Importer(815301076,1909f56bfc062723c751e8b465ee728b)
Start importing Assets/ModernSupermarket/Prefabs/Props/Products/Cream_jatl5h_Var02.prefab using Guid(8bd061c7821d8754d88c52cce24ba3da) Importer(815301076,1909f56bfc062723c751e8b465ee728b)  -> (artifact id: 'b2f2a04725545cd8420b7129c32d61c3') in 0.018940 seconds 
========================================================================
Received Import Request.
  Time since last request: 0.122158 seconds.
  path: Assets/ModernSupermarket/Prefabs/Props/Products/EggBox4x_nbzek2_Pack01.prefab
  artifactKey: Guid(e7c3fcb07feaf3a4cb8285416100dc4e) Importer(815301076,1909f56bfc062723c751e8b465ee728b)
Start importing Assets/ModernSupermarket/Prefabs/Props/Products/EggBox4x_nbzek2_Pack01.prefab using Guid(e7c3fcb07feaf3a4cb8285416100dc4e) Importer(815301076,1909f56bfc062723c751e8b465ee728b)  -> (artifact id: 'c3167f71f496d101ebcbb82fadf4f32e') in 0.031790 seconds 
========================================================================
Received Import Request.
  Time since last request: 0.000029 seconds.
  path: Assets/ModernSupermarket/Prefabs/Props/Products/Flour_ckgfmu_Pack01.prefab
  artifactKey: Guid(26bc1e515d8056d4a9e5b3456ec65d08) Importer(815301076,1909f56bfc062723c751e8b465ee728b)
Start importing Assets/ModernSupermarket/Prefabs/Props/Products/Flour_ckgfmu_Pack01.prefab using Guid(26bc1e515d8056d4a9e5b3456ec65d08) Importer(815301076,1909f56bfc062723c751e8b465ee728b)  -> (artifact id: '7056cc92d9746f656f48f85586366d3d') in 0.049865 seconds 
========================================================================
Received Import Request.
  Time since last request: 0.000064 seconds.
  path: Assets/ModernSupermarket/Prefabs/Props/Products/FrozenBox_vhvpd4_Var02.prefab
  artifactKey: Guid(ec5e321690418f846b4b0c1790c33dca) Importer(815301076,1909f56bfc062723c751e8b465ee728b)
Start importing Assets/ModernSupermarket/Prefabs/Props/Products/FrozenBox_vhvpd4_Var02.prefab using Guid(ec5e321690418f846b4b0c1790c33dca) Importer(815301076,1909f56bfc062723c751e8b465ee728b)  -> (artifact id: '1103f90d5f54860d44311b2869359626') in 0.023855 seconds 
========================================================================
Received Import Request.
  Time since last request: 0.000026 seconds.
  path: Assets/ModernSupermarket/Prefabs/Props/Products/FrozenPack_t7wenh_Pack01_Var01.prefab
  artifactKey: Guid(d2724a8fbe9b3ba4db5fa2f01b6d37aa) Importer(815301076,1909f56bfc062723c751e8b465ee728b)
Start importing Assets/ModernSupermarket/Prefabs/Props/Products/FrozenPack_t7wenh_Pack01_Var01.prefab using Guid(d2724a8fbe9b3ba4db5fa2f01b6d37aa) Importer(815301076,1909f56bfc062723c751e8b465ee728b)  -> (artifact id: 'ddfe8c826ac061845967e2e18fe241a9') in 0.029633 seconds 
========================================================================
Received Import Request.
  Time since last request: 0.000045 seconds.
  path: Assets/ModernSupermarket/Prefabs/Props/Products/FrozenBox_vhvpd4_Var01.prefab
  artifactKey: Guid(4d3fd664fa2aa3b46ba879ac1b576484) Importer(815301076,1909f56bfc062723c751e8b465ee728b)
Start importing Assets/ModernSupermarket/Prefabs/Props/Products/FrozenBox_vhvpd4_Var01.prefab using Guid(4d3fd664fa2aa3b46ba879ac1b576484) Importer(815301076,1909f56bfc062723c751e8b465ee728b)  -> (artifact id: '768cdf289e0546da73cb543f35c615ae') in 0.024663 seconds 
========================================================================
Received Import Request.
  Time since last request: 0.000032 seconds.
  path: Assets/ModernSupermarket/Prefabs/Props/Products/FrozenPack_t7wenh_Pack01.prefab
  artifactKey: Guid(f1fecc3e9f27f9f468dfd5c9ce6030bf) Importer(815301076,1909f56bfc062723c751e8b465ee728b)
Start importing Assets/ModernSupermarket/Prefabs/Props/Products/FrozenPack_t7wenh_Pack01.prefab using Guid(f1fecc3e9f27f9f468dfd5c9ce6030bf) Importer(815301076,1909f56bfc062723c751e8b465ee728b)  -> (artifact id: 'b99ccc14140cd2c1b5d08c9652b54a9b') in 0.019559 seconds 
========================================================================
Received Import Request.
  Time since last request: 0.396377 seconds.
  path: Assets/ModernSupermarket/Prefabs/Props/Products/FrozenPack_t7wenh_Var02.prefab
  artifactKey: Guid(6af64453d1ae7af419b28487eea99522) Importer(815301076,1909f56bfc062723c751e8b465ee728b)
Start importing Assets/ModernSupermarket/Prefabs/Props/Products/FrozenPack_t7wenh_Var02.prefab using Guid(6af64453d1ae7af419b28487eea99522) Importer(815301076,1909f56bfc062723c751e8b465ee728b)  -> (artifact id: 'f32e69d8751c26fb767dae00f93eff23') in 0.024754 seconds 
========================================================================
Received Import Request.
  Time since last request: 0.000028 seconds.
  path: Assets/ModernSupermarket/Prefabs/Props/Products/FrozenPack_t7wenh_Var05.prefab
  artifactKey: Guid(6caf6192057592642886613d27f99e98) Importer(815301076,1909f56bfc062723c751e8b465ee728b)
Start importing Assets/ModernSupermarket/Prefabs/Props/Products/FrozenPack_t7wenh_Var05.prefab using Guid(6caf6192057592642886613d27f99e98) Importer(815301076,1909f56bfc062723c751e8b465ee728b)  -> (artifact id: 'd66cafac2ca818521de8d863306bcc19') in 0.020435 seconds 
========================================================================
Received Import Request.
  Time since last request: 0.000036 seconds.
  path: Assets/ModernSupermarket/Prefabs/Props/Products/FrozenPack_xp713y_Pack01_Var02.prefab
  artifactKey: Guid(b9bff70b67db3cd4ea3b240d09b5e3e8) Importer(815301076,1909f56bfc062723c751e8b465ee728b)
Start importing Assets/ModernSupermarket/Prefabs/Props/Products/FrozenPack_xp713y_Pack01_Var02.prefab using Guid(b9bff70b67db3cd4ea3b240d09b5e3e8) Importer(815301076,1909f56bfc062723c751e8b465ee728b)  -> (artifact id: '846bcb7e79a2776cc6f2883513a11603') in 0.033700 seconds 
========================================================================
Received Import Request.
  Time since last request: 0.005122 seconds.
  path: Assets/ModernSupermarket/Prefabs/Props/Products/FrozenPack_xp713y_Var05.prefab
  artifactKey: Guid(673c21daa72818b4dbd5d8c6371b5739) Importer(815301076,1909f56bfc062723c751e8b465ee728b)
Start importing Assets/ModernSupermarket/Prefabs/Props/Products/FrozenPack_xp713y_Var05.prefab using Guid(673c21daa72818b4dbd5d8c6371b5739) Importer(815301076,1909f56bfc062723c751e8b465ee728b)  -> (artifact id: 'd096c0757bb148247078883883e60960') in 0.023073 seconds 
========================================================================
Received Import Request.
  Time since last request: 0.000033 seconds.
  path: Assets/ModernSupermarket/Prefabs/Props/Products/Ham_wplnxm_Var01.prefab
  artifactKey: Guid(86bebc59bbf697443b2d2fe62f85fd9a) Importer(815301076,1909f56bfc062723c751e8b465ee728b)
Start importing Assets/ModernSupermarket/Prefabs/Props/Products/Ham_wplnxm_Var01.prefab using Guid(86bebc59bbf697443b2d2fe62f85fd9a) Importer(815301076,1909f56bfc062723c751e8b465ee728b)  -> (artifact id: '7aedd1598d8baec042ddd6bbca769205') in 0.043144 seconds 
========================================================================
Received Import Request.
  Time since last request: 0.000032 seconds.
  path: Assets/ModernSupermarket/Prefabs/Props/Products/JuiceBrick_6ljfy3_Pack01.prefab
  artifactKey: Guid(2e7084b87f7cbff45847c29a6e5ebacd) Importer(815301076,1909f56bfc062723c751e8b465ee728b)
Start importing Assets/ModernSupermarket/Prefabs/Props/Products/JuiceBrick_6ljfy3_Pack01.prefab using Guid(2e7084b87f7cbff45847c29a6e5ebacd) Importer(815301076,1909f56bfc062723c751e8b465ee728b)  -> (artifact id: '0106713923b6019f605e986c48872b94') in 0.037436 seconds 
========================================================================
Received Import Request.
  Time since last request: 0.582978 seconds.
  path: Assets/ModernSupermarket/Prefabs/Props/Products/Laundry_mm7gx5_Pack01_Var01.prefab
  artifactKey: Guid(dd77baa6e37b5ef45816b7ee33a495d6) Importer(815301076,1909f56bfc062723c751e8b465ee728b)
Start importing Assets/ModernSupermarket/Prefabs/Props/Products/Laundry_mm7gx5_Pack01_Var01.prefab using Guid(dd77baa6e37b5ef45816b7ee33a495d6) Importer(815301076,1909f56bfc062723c751e8b465ee728b)  -> (artifact id: 'e2456838be627f134720d69582cbdcda') in 0.033876 seconds 
========================================================================
Received Import Request.
  Time since last request: 0.000047 seconds.
  path: Assets/ModernSupermarket/Prefabs/Props/Products/MeatTray_dbf1nh.prefab
  artifactKey: Guid(59ae1c1d4d1694946afcf4b03278689c) Importer(815301076,1909f56bfc062723c751e8b465ee728b)
Start importing Assets/ModernSupermarket/Prefabs/Props/Products/MeatTray_dbf1nh.prefab using Guid(59ae1c1d4d1694946afcf4b03278689c) Importer(815301076,1909f56bfc062723c751e8b465ee728b)  -> (artifact id: '61d0a371857c5e2b74587ab74e68fda4') in 0.057015 seconds 
========================================================================
Received Import Request.
  Time since last request: 0.000030 seconds.
  path: Assets/ModernSupermarket/Prefabs/Props/Products/MeatTray_bbcwdq.prefab
  artifactKey: Guid(574e781899880564bb086fcc34223bc2) Importer(815301076,1909f56bfc062723c751e8b465ee728b)
Start importing Assets/ModernSupermarket/Prefabs/Props/Products/MeatTray_bbcwdq.prefab using Guid(574e781899880564bb086fcc34223bc2) Importer(815301076,1909f56bfc062723c751e8b465ee728b)  -> (artifact id: 'a6e4bcacb5203382124016ce32ac58df') in 0.022775 seconds 
========================================================================
Received Import Request.
  Time since last request: 0.220857 seconds.
  path: Assets/ModernSupermarket/Prefabs/Props/Products/MeatTray_qm4z4l.prefab
  artifactKey: Guid(cdd9455b6c9484e47a9636234bea379c) Importer(815301076,1909f56bfc062723c751e8b465ee728b)
Start importing Assets/ModernSupermarket/Prefabs/Props/Products/MeatTray_qm4z4l.prefab using Guid(cdd9455b6c9484e47a9636234bea379c) Importer(815301076,1909f56bfc062723c751e8b465ee728b)  -> (artifact id: '8ce0d290a78b4e6660d2c32405b601d2') in 0.058810 seconds 
========================================================================
Received Import Request.
  Time since last request: 0.000027 seconds.
  path: Assets/ModernSupermarket/Prefabs/Props/Products/MilkBrick_e8foxc_Pack01.prefab
  artifactKey: Guid(1bb6ad681099e5d41bea88b597262a92) Importer(815301076,1909f56bfc062723c751e8b465ee728b)
Start importing Assets/ModernSupermarket/Prefabs/Props/Products/MilkBrick_e8foxc_Pack01.prefab using Guid(1bb6ad681099e5d41bea88b597262a92) Importer(815301076,1909f56bfc062723c751e8b465ee728b)  -> (artifact id: 'e917f5e0b451dc94d08b436f1d921f48') in 0.023612 seconds 
========================================================================
Received Import Request.
  Time since last request: 0.000025 seconds.
  path: Assets/ModernSupermarket/Prefabs/Props/Products/Milk_l6slvx_Pack01.prefab
  artifactKey: Guid(9a8d6978429c5a444a89f5a636c027c2) Importer(815301076,1909f56bfc062723c751e8b465ee728b)
Start importing Assets/ModernSupermarket/Prefabs/Props/Products/Milk_l6slvx_Pack01.prefab using Guid(9a8d6978429c5a444a89f5a636c027c2) Importer(815301076,1909f56bfc062723c751e8b465ee728b)  -> (artifact id: '2071c2f9d5f1870cb87c6155f9b0e763') in 0.046488 seconds 
========================================================================
Received Import Request.
  Time since last request: 0.000025 seconds.
  path: Assets/ModernSupermarket/Prefabs/Props/Products/Pasta_g87jtq.prefab
  artifactKey: Guid(e873c551b173cc74ca58985ac9b506c5) Importer(815301076,1909f56bfc062723c751e8b465ee728b)
Start importing Assets/ModernSupermarket/Prefabs/Props/Products/Pasta_g87jtq.prefab using Guid(e873c551b173cc74ca58985ac9b506c5) Importer(815301076,1909f56bfc062723c751e8b465ee728b)  -> (artifact id: 'c80958cde6975e427891af49ac65a1bd') in 0.049772 seconds 
========================================================================
Received Import Request.
  Time since last request: 0.000044 seconds.
  path: Assets/ModernSupermarket/Prefabs/Props/Products/Oil_nutmjk.prefab
  artifactKey: Guid(47ba07d56bfa8b443a299232b8c4a588) Importer(815301076,1909f56bfc062723c751e8b465ee728b)
Start importing Assets/ModernSupermarket/Prefabs/Props/Products/Oil_nutmjk.prefab using Guid(47ba07d56bfa8b443a299232b8c4a588) Importer(815301076,1909f56bfc062723c751e8b465ee728b)  -> (artifact id: '284ff2488d27f9303fd1f43e8adadb71') in 0.021266 seconds 
========================================================================
Received Import Request.
  Time since last request: 0.000042 seconds.
  path: Assets/ModernSupermarket/Prefabs/Props/Products/Pasta_9duit_Pack02.prefab
  artifactKey: Guid(886cd00c29f2e644fa16fa180ae4937e) Importer(815301076,1909f56bfc062723c751e8b465ee728b)
Start importing Assets/ModernSupermarket/Prefabs/Props/Products/Pasta_9duit_Pack02.prefab using Guid(886cd00c29f2e644fa16fa180ae4937e) Importer(815301076,1909f56bfc062723c751e8b465ee728b)  -> (artifact id: 'b55751f7b8fd80c4c7b4a6c9978d7b71') in 0.053516 seconds 
========================================================================
Received Import Request.
  Time since last request: 0.000040 seconds.
  path: Assets/ModernSupermarket/Prefabs/Props/Products/MeatTray_qm4z4l_Pack01.prefab
  artifactKey: Guid(481601076a9c7514d9f06a81157642ab) Importer(815301076,1909f56bfc062723c751e8b465ee728b)
Start importing Assets/ModernSupermarket/Prefabs/Props/Products/MeatTray_qm4z4l_Pack01.prefab using Guid(481601076a9c7514d9f06a81157642ab) Importer(815301076,1909f56bfc062723c751e8b465ee728b)  -> (artifact id: '272accae473ba4735ea445b704707394') in 0.021615 seconds 
========================================================================
Received Import Request.
  Time since last request: 0.608230 seconds.
  path: Assets/ModernSupermarket/Prefabs/Props/Products/Pasta_g87jtq_Var02.prefab
  artifactKey: Guid(6b0616f44556a8448bc66b583dc3e8d8) Importer(815301076,1909f56bfc062723c751e8b465ee728b)
Start importing Assets/ModernSupermarket/Prefabs/Props/Products/Pasta_g87jtq_Var02.prefab using Guid(6b0616f44556a8448bc66b583dc3e8d8) Importer(815301076,1909f56bfc062723c751e8b465ee728b)  -> (artifact id: '2f00756f2750417df560b3ea56d095e3') in 0.038175 seconds 
========================================================================
Received Import Request.
  Time since last request: 0.000025 seconds.
  path: Assets/ModernSupermarket/Prefabs/Props/Products/Pizza_ehb1pe.prefab
  artifactKey: Guid(7f1c69769622e78438ce989bc6d3343f) Importer(815301076,1909f56bfc062723c751e8b465ee728b)
Start importing Assets/ModernSupermarket/Prefabs/Props/Products/Pizza_ehb1pe.prefab using Guid(7f1c69769622e78438ce989bc6d3343f) Importer(815301076,1909f56bfc062723c751e8b465ee728b)  -> (artifact id: 'c5781b76a9987f2ba4dc45eb85aa20c5') in 0.045326 seconds 
========================================================================
Received Import Request.
  Time since last request: 0.018672 seconds.
  path: Assets/ModernSupermarket/Prefabs/Props/Products/Pizza_ehb1pe_Var02.prefab
  artifactKey: Guid(a7e5c1d56ee25a741a6ff47291beba63) Importer(815301076,1909f56bfc062723c751e8b465ee728b)
Start importing Assets/ModernSupermarket/Prefabs/Props/Products/Pizza_ehb1pe_Var02.prefab using Guid(a7e5c1d56ee25a741a6ff47291beba63) Importer(815301076,1909f56bfc062723c751e8b465ee728b)  -> (artifact id: 'f180944e1086169f8e2622876aaf8599') in 0.034711 seconds 
========================================================================
Received Import Request.
  Time since last request: 0.000028 seconds.
  path: Assets/ModernSupermarket/Prefabs/Props/Products/RicePack_rewt3q_Var02.prefab
  artifactKey: Guid(798d08235f10a1c4b923af1c8fec8716) Importer(815301076,1909f56bfc062723c751e8b465ee728b)
Start importing Assets/ModernSupermarket/Prefabs/Props/Products/RicePack_rewt3q_Var02.prefab using Guid(798d08235f10a1c4b923af1c8fec8716) Importer(815301076,1909f56bfc062723c751e8b465ee728b)  -> (artifact id: '7ea925e20cde1607855e9a4430192dfa') in 0.030553 seconds 
========================================================================
Received Import Request.
  Time since last request: 0.000036 seconds.
  path: Assets/ModernSupermarket/Prefabs/Props/Products/Rice_rewt3q_Pack01.prefab
  artifactKey: Guid(107e8b5486a6f9e4e94a66d82e7aae44) Importer(815301076,1909f56bfc062723c751e8b465ee728b)
Start importing Assets/ModernSupermarket/Prefabs/Props/Products/Rice_rewt3q_Pack01.prefab using Guid(107e8b5486a6f9e4e94a66d82e7aae44) Importer(815301076,1909f56bfc062723c751e8b465ee728b)  -> (artifact id: 'b44c03f9f874a1aa7fb47e35e1f0b050') in 0.031808 seconds 
========================================================================
Received Import Request.
  Time since last request: 0.537960 seconds.
  path: Assets/ModernSupermarket/Prefabs/Props/Products/Sauce_cfrew8_Var02.prefab
  artifactKey: Guid(5b150f01c5666e549822afc697b1cc7f) Importer(815301076,1909f56bfc062723c751e8b465ee728b)
Start importing Assets/ModernSupermarket/Prefabs/Props/Products/Sauce_cfrew8_Var02.prefab using Guid(5b150f01c5666e549822afc697b1cc7f) Importer(815301076,1909f56bfc062723c751e8b465ee728b)  -> (artifact id: '35d0e3a6d4a5b1907dbcd4aff777a754') in 0.038687 seconds 
========================================================================
Received Import Request.
  Time since last request: 0.000055 seconds.
  path: Assets/ModernSupermarket/Prefabs/Props/Products/Shampoo_u15m67.prefab
  artifactKey: Guid(abf4397b6c1803d40a3051d9d98fe623) Importer(815301076,1909f56bfc062723c751e8b465ee728b)
Start importing Assets/ModernSupermarket/Prefabs/Props/Products/Shampoo_u15m67.prefab using Guid(abf4397b6c1803d40a3051d9d98fe623) Importer(815301076,1909f56bfc062723c751e8b465ee728b)  -> (artifact id: '29f4d376b1e891436dae903a35cada14') in 0.195916 seconds 
========================================================================
Received Import Request.
  Time since last request: 0.000035 seconds.
  path: Assets/ModernSupermarket/Prefabs/Props/Products/Shampoo_u15m67_Pack01.prefab
  artifactKey: Guid(bf998985975bb9442b90d53ed9fd8d30) Importer(815301076,1909f56bfc062723c751e8b465ee728b)
Start importing Assets/ModernSupermarket/Prefabs/Props/Products/Shampoo_u15m67_Pack01.prefab using Guid(bf998985975bb9442b90d53ed9fd8d30) Importer(815301076,1909f56bfc062723c751e8b465ee728b)  -> (artifact id: 'ea67ea1e31a030c593a6b0f703d0ff23') in 0.028374 seconds 
========================================================================
Received Import Request.
  Time since last request: 0.197307 seconds.
  path: Assets/ModernSupermarket/Prefabs/Props/Products/Shampoo_u15m67_Pack01_Var04.prefab
  artifactKey: Guid(2519d453fd2957644ac528bb315fded8) Importer(815301076,1909f56bfc062723c751e8b465ee728b)
Start importing Assets/ModernSupermarket/Prefabs/Props/Products/Shampoo_u15m67_Pack01_Var04.prefab using Guid(2519d453fd2957644ac528bb315fded8) Importer(815301076,1909f56bfc062723c751e8b465ee728b)  -> (artifact id: 'f6b73891cfef39ee64633eb123cc1b94') in 0.034144 seconds 
========================================================================
Received Import Request.
  Time since last request: 0.000113 seconds.
  path: Assets/ModernSupermarket/Prefabs/Props/Products/Shampoo_vimakk.prefab
  artifactKey: Guid(c35f656580b483644a2227cac1c4505e) Importer(815301076,1909f56bfc062723c751e8b465ee728b)
Start importing Assets/ModernSupermarket/Prefabs/Props/Products/Shampoo_vimakk.prefab using Guid(c35f656580b483644a2227cac1c4505e) Importer(815301076,1909f56bfc062723c751e8b465ee728b)  -> (artifact id: '133067577e1b0f3f4acfec7952e87a2b') in 0.064835 seconds 
========================================================================
Received Import Request.
  Time since last request: 0.000038 seconds.
  path: Assets/ModernSupermarket/Prefabs/Props/Products/Soap_eegrv7_Pack01_Var01.prefab
  artifactKey: Guid(9f53b5ef2887e8d4d957972b5e0f97e5) Importer(815301076,1909f56bfc062723c751e8b465ee728b)
Start importing Assets/ModernSupermarket/Prefabs/Props/Products/Soap_eegrv7_Pack01_Var01.prefab using Guid(9f53b5ef2887e8d4d957972b5e0f97e5) Importer(815301076,1909f56bfc062723c751e8b465ee728b)  -> (artifact id: 'caa556bb7485464ad0d67fce8ca6f948') in 0.062945 seconds 
========================================================================
Received Import Request.
  Time since last request: 0.000026 seconds.
  path: Assets/ModernSupermarket/Prefabs/Props/Products/Soda_7gwg2t_Pack01.prefab
  artifactKey: Guid(6245a3af1846c694db38b924cbde46fc) Importer(815301076,1909f56bfc062723c751e8b465ee728b)
Start importing Assets/ModernSupermarket/Prefabs/Props/Products/Soda_7gwg2t_Pack01.prefab using Guid(6245a3af1846c694db38b924cbde46fc) Importer(815301076,1909f56bfc062723c751e8b465ee728b)  -> (artifact id: '0af26540df4ca328be5296cfabc64d33') in 0.033715 seconds 
========================================================================
Received Import Request.
  Time since last request: 0.000030 seconds.
  path: Assets/ModernSupermarket/Prefabs/Props/Products/Slate_t3iq3t.prefab
  artifactKey: Guid(5bad6b3c2fbb8aa4fbc51e2fa77d0dca) Importer(815301076,1909f56bfc062723c751e8b465ee728b)
Start importing Assets/ModernSupermarket/Prefabs/Props/Products/Slate_t3iq3t.prefab using Guid(5bad6b3c2fbb8aa4fbc51e2fa77d0dca) Importer(815301076,1909f56bfc062723c751e8b465ee728b)  -> (artifact id: '201a1876f407fa3f0bde324ad82616cf') in 0.066569 seconds 
========================================================================
Received Import Request.
  Time since last request: 0.000029 seconds.
  path: Assets/ModernSupermarket/Prefabs/Props/Products/Soda_7gwg2t.prefab
  artifactKey: Guid(7658121868a96654eaaf8d5dadf2fc5a) Importer(815301076,1909f56bfc062723c751e8b465ee728b)
Start importing Assets/ModernSupermarket/Prefabs/Props/Products/Soda_7gwg2t.prefab using Guid(7658121868a96654eaaf8d5dadf2fc5a) Importer(815301076,1909f56bfc062723c751e8b465ee728b)  -> (artifact id: '1c7ab0de521b68f3524ba093bd349cb2') in 0.025882 seconds 
========================================================================
Received Import Request.
  Time since last request: 0.000029 seconds.
  path: Assets/ModernSupermarket/Prefabs/Props/Products/Soda_d7rdw9_Pack02.prefab
  artifactKey: Guid(878b134cd0da8f84b8f7b2372e4a887e) Importer(815301076,1909f56bfc062723c751e8b465ee728b)
Start importing Assets/ModernSupermarket/Prefabs/Props/Products/Soda_d7rdw9_Pack02.prefab using Guid(878b134cd0da8f84b8f7b2372e4a887e) Importer(815301076,1909f56bfc062723c751e8b465ee728b)  -> (artifact id: 'f5f8b8ad7425d8180fe850d608039730') in 0.026383 seconds 
========================================================================
Received Import Request.
  Time since last request: 0.000022 seconds.
  path: Assets/ModernSupermarket/Prefabs/Props/Products/Shampoo_u15m67_Var04.prefab
  artifactKey: Guid(c1590e1c10cc0394eb64c47e75543371) Importer(815301076,1909f56bfc062723c751e8b465ee728b)
Start importing Assets/ModernSupermarket/Prefabs/Props/Products/Shampoo_u15m67_Var04.prefab using Guid(c1590e1c10cc0394eb64c47e75543371) Importer(815301076,1909f56bfc062723c751e8b465ee728b)  -> (artifact id: '9a24808edffab4a490baafa32c1d4965') in 0.029247 seconds 
========================================================================
Received Import Request.
  Time since last request: 0.000028 seconds.
  path: Assets/ModernSupermarket/Prefabs/Props/Products/Soda_7gwg2t_Pack01_Var02.prefab
  artifactKey: Guid(bbc3f7bc82b4391428fbdbf3f4064cb9) Importer(815301076,1909f56bfc062723c751e8b465ee728b)
Start importing Assets/ModernSupermarket/Prefabs/Props/Products/Soda_7gwg2t_Pack01_Var02.prefab using Guid(bbc3f7bc82b4391428fbdbf3f4064cb9) Importer(815301076,1909f56bfc062723c751e8b465ee728b)  -> (artifact id: '39275436fd972d7cf3ab764a77b04494') in 0.025254 seconds 
========================================================================
Received Import Request.
  Time since last request: 0.759193 seconds.
  path: Assets/ModernSupermarket/Prefabs/Props/Products/Sugar_ffc568_Pack01.prefab
  artifactKey: Guid(308c44d7de532254081b5690b56af6d7) Importer(815301076,1909f56bfc062723c751e8b465ee728b)
Start importing Assets/ModernSupermarket/Prefabs/Props/Products/Sugar_ffc568_Pack01.prefab using Guid(308c44d7de532254081b5690b56af6d7) Importer(815301076,1909f56bfc062723c751e8b465ee728b)  -> (artifact id: 'aade4f1d0096570bc81ff928323d08fa') in 0.036551 seconds 
========================================================================
Received Import Request.
  Time since last request: 0.000026 seconds.
  path: Assets/ModernSupermarket/Prefabs/Props/Products/Sugar_ffc568_Var02.prefab
  artifactKey: Guid(c6cd619830a4cff428318660958476e2) Importer(815301076,1909f56bfc062723c751e8b465ee728b)
Start importing Assets/ModernSupermarket/Prefabs/Props/Products/Sugar_ffc568_Var02.prefab using Guid(c6cd619830a4cff428318660958476e2) Importer(815301076,1909f56bfc062723c751e8b465ee728b)  -> (artifact id: 'ac35033d6031a435ab6414cfafbd4967') in 0.025388 seconds 
========================================================================
Received Import Request.
  Time since last request: 0.000023 seconds.
  path: Assets/ModernSupermarket/Prefabs/Props/Products/Sushis_jtvduo.prefab
  artifactKey: Guid(030c7a3ef8bdc9741b1b95ce21a3a528) Importer(815301076,1909f56bfc062723c751e8b465ee728b)
Start importing Assets/ModernSupermarket/Prefabs/Props/Products/Sushis_jtvduo.prefab using Guid(030c7a3ef8bdc9741b1b95ce21a3a528) Importer(815301076,1909f56bfc062723c751e8b465ee728b)  -> (artifact id: '7cbd6d7a4ceea68a10dc82f7bed3e37d') in 0.044221 seconds 
========================================================================
Received Import Request.
  Time since last request: 0.000023 seconds.
  path: Assets/ModernSupermarket/Prefabs/Props/Products/Teabox_5oq0ki_Var02.prefab
  artifactKey: Guid(d212f9ac16107a74c813c1f76aa9e30e) Importer(815301076,1909f56bfc062723c751e8b465ee728b)
Start importing Assets/ModernSupermarket/Prefabs/Props/Products/Teabox_5oq0ki_Var02.prefab using Guid(d212f9ac16107a74c813c1f76aa9e30e) Importer(815301076,1909f56bfc062723c751e8b465ee728b)  -> (artifact id: '035ddfcffb520bd511991cbf32d9ea4a') in 0.030059 seconds 
========================================================================
Received Import Request.
  Time since last request: 0.000027 seconds.
  path: Assets/ModernSupermarket/Prefabs/Props/Products/Teabox_l5w9ll_Pack01.prefab
  artifactKey: Guid(186a452a133451448a47cdd03f2f8d21) Importer(815301076,1909f56bfc062723c751e8b465ee728b)
Start importing Assets/ModernSupermarket/Prefabs/Props/Products/Teabox_l5w9ll_Pack01.prefab using Guid(186a452a133451448a47cdd03f2f8d21) Importer(815301076,1909f56bfc062723c751e8b465ee728b)  -> (artifact id: '9cd4f5b9a1f8071d0ceb43a41e6aab7b') in 0.030398 seconds 
========================================================================
Received Import Request.
  Time since last request: 0.000040 seconds.
  path: Assets/ModernSupermarket/Prefabs/Props/Products/Sugar_ffc568_Var01.prefab
  artifactKey: Guid(94ca1181a50fde2409ab31df2bf22b36) Importer(815301076,1909f56bfc062723c751e8b465ee728b)
Start importing Assets/ModernSupermarket/Prefabs/Props/Products/Sugar_ffc568_Var01.prefab using Guid(94ca1181a50fde2409ab31df2bf22b36) Importer(815301076,1909f56bfc062723c751e8b465ee728b)  -> (artifact id: '0a99e255f14310774cd0363f7ff43cbf') in 0.027834 seconds 
========================================================================
Received Import Request.
  Time since last request: 0.000028 seconds.
  path: Assets/ModernSupermarket/Prefabs/Props/Products/Teabox_nokda4_Pack01.prefab
  artifactKey: Guid(33b0453471bea5f4984ea68fcb173d66) Importer(815301076,1909f56bfc062723c751e8b465ee728b)
Start importing Assets/ModernSupermarket/Prefabs/Props/Products/Teabox_nokda4_Pack01.prefab using Guid(33b0453471bea5f4984ea68fcb173d66) Importer(815301076,1909f56bfc062723c751e8b465ee728b)  -> (artifact id: '5f8b2974cd2861c3acdc3ac1e2ef82d7') in 0.032842 seconds 
========================================================================
Received Import Request.
  Time since last request: 0.000025 seconds.
  path: Assets/ModernSupermarket/Prefabs/Props/Products/Teabox_5oq0ki_Var01.prefab
  artifactKey: Guid(ff36437ab5a3a5d4a93610a7cc79ac52) Importer(815301076,1909f56bfc062723c751e8b465ee728b)
Start importing Assets/ModernSupermarket/Prefabs/Props/Products/Teabox_5oq0ki_Var01.prefab using Guid(ff36437ab5a3a5d4a93610a7cc79ac52) Importer(815301076,1909f56bfc062723c751e8b465ee728b)  -> (artifact id: '331728fccbf14870b1e7150d57ca7b57') in 0.019266 seconds 
========================================================================
Received Import Request.
  Time since last request: 0.000026 seconds.
  path: Assets/ModernSupermarket/Prefabs/Props/Products/Sushis_r6r1w6.prefab
  artifactKey: Guid(2a8e5997c508e3046b003d3f3acd42fd) Importer(815301076,1909f56bfc062723c751e8b465ee728b)
Start importing Assets/ModernSupermarket/Prefabs/Props/Products/Sushis_r6r1w6.prefab using Guid(2a8e5997c508e3046b003d3f3acd42fd) Importer(815301076,1909f56bfc062723c751e8b465ee728b)  -> (artifact id: '93af74879d3129649476282009e432ab') in 0.077228 seconds 
========================================================================
Received Prepare
Registering precompiled user dll's ...
Registered in 0.025114 seconds.
Begin MonoManager ReloadAssembly
Symbol file LoadedFromMemory doesn't match image D:\SupermarkeT\Library\PackageCache\com.unity.visualscripting@1.7.8\Editor\VisualScripting.Core\Dependencies\YamlDotNet\Unity.VisualScripting.YamlDotNet.dll
Symbol file LoadedFromMemory doesn't match image D:\SupermarkeT\Library\PackageCache\com.unity.visualscripting@1.7.8\Editor\VisualScripting.Core\Dependencies\DotNetZip\Unity.VisualScripting.IonicZip.dll
Native extension for WindowsStandalone target not found
Native extension for OSXStandalone target not found
Refreshing native plugins compatible for Editor in 1.01 ms, found 3 plugins.
Preloading 0 native plugins for Editor in 0.00 ms.
Mono: successfully reloaded assembly
- Completed reload, in  1.312 seconds
Domain Reload Profiling:
	ReloadAssembly (1312ms)
		BeginReloadAssembly (224ms)
			ExecutionOrderSort (0ms)
			DisableScriptedObjects (5ms)
			BackupInstance (0ms)
			ReleaseScriptingObjects (0ms)
			CreateAndSetChildDomain (42ms)
		EndReloadAssembly (928ms)
			LoadAssemblies (150ms)
			RebuildTransferFunctionScriptingTraits (0ms)
			SetupTypeCache (254ms)
			ReleaseScriptCaches (3ms)
			RebuildScriptCaches (74ms)
			SetupLoadedEditorAssemblies (415ms)
				LogAssemblyErrors (0ms)
				InitializePlatformSupportModulesInManaged (31ms)
				SetLoadedEditorAssemblies (1ms)
				RefreshPlugins (1ms)
				BeforeProcessingInitializeOnLoad (102ms)
				ProcessInitializeOnLoadAttributes (220ms)
				ProcessInitializeOnLoadMethodAttributes (31ms)
				AfterProcessingInitializeOnLoad (30ms)
				EditorAssembliesLoaded (0ms)
			ExecutionOrderSort2 (0ms)
			AwakeInstancesAfterBackupRestoration (10ms)
Platform modules already initialized, skipping
Refreshing native plugins compatible for Editor in 4.59 ms, found 3 plugins.
Preloading 0 native plugins for Editor in 0.00 ms.
Unloading 3537 Unused Serialized files (Serialized files now loaded: 0)
Unloading 22 unused Assets / (153.0 KB). Loaded Objects now: 4033.
Memory consumption went from 134.0 MB to 133.9 MB.
Total: 2.691800 ms (FindLiveObjects: 0.277600 ms CreateObjectMapping: 0.085800 ms MarkObjects: 2.172500 ms  DeleteObjects: 0.153900 ms)

AssetImportParameters requested are different than current active one (requested -> active):
  custom:video-decoder-ogg-theora: a1e56fd34408186e4bbccfd4996cb3dc -> 
  custom:container-muxer-webm: aa71ff27fc2769a1b78a27578f13a17b -> 
  custom:container-demuxer-webm: 4f35f7cbe854078d1ac9338744f61a02 -> 
  custom:video-encoder-webm-vp8: eb34c28f22e8b96e1ab97ce403110664 -> 
  custom:video-codec-MediaFoundation-h265: 746d11721c4dcdbdad8f713fa42b33f4 -> 
  custom:audio-encoder-webm-vorbis: bf7c407c2cedff20999df2af8eb42d56 -> 
  custom:framework-win-MediaFoundation: 216162199b28c13a410421893ffa2e32 -> 
  custom:container-demuxer-ogg: 62fdf1f143b41e24485cea50d1cbac27 -> 
  custom:video-decoder-webm-vp8: 9c59270c3fd7afecdb556c50c9e8de78 -> 
  custom:audio-decoder-ogg-vorbis: bf7c407c2cedff20999df2af8eb42d56 -> 
========================================================================
Received Import Request.
  Time since last request: 50.203038 seconds.
  path: Assets/ModernSupermarket/Prefabs/Props/Products/TinCan_60afsy_03.prefab
  artifactKey: Guid(8abcb9608925b4b45adc69fe9cb9ec80) Importer(815301076,1909f56bfc062723c751e8b465ee728b)
Start importing Assets/ModernSupermarket/Prefabs/Props/Products/TinCan_60afsy_03.prefab using Guid(8abcb9608925b4b45adc69fe9cb9ec80) Importer(815301076,1909f56bfc062723c751e8b465ee728b)  -> (artifact id: '941c67355de2a0fd3760f08da2e8f1e6') in 0.085710 seconds 
========================================================================
Received Import Request.
  Time since last request: 0.000071 seconds.
  path: Assets/ModernSupermarket/Prefabs/Props/Products/ToiletPaper_tunz3i_Pack01.prefab
  artifactKey: Guid(7f78cb130f688fe42ade6b38d9022c67) Importer(815301076,1909f56bfc062723c751e8b465ee728b)
Start importing Assets/ModernSupermarket/Prefabs/Props/Products/ToiletPaper_tunz3i_Pack01.prefab using Guid(7f78cb130f688fe42ade6b38d9022c67) Importer(815301076,1909f56bfc062723c751e8b465ee728b)  -> (artifact id: 'dded204ddcb8c63ae3ed73ccb3597bb2') in 0.088004 seconds 
========================================================================
Received Import Request.
  Time since last request: 0.000031 seconds.
  path: Assets/ModernSupermarket/Prefabs/Props/Products/TinCan_60afsy_Pack02.prefab
  artifactKey: Guid(bfe86a87f3fb74b4aa4d66196f14d182) Importer(815301076,1909f56bfc062723c751e8b465ee728b)
Start importing Assets/ModernSupermarket/Prefabs/Props/Products/TinCan_60afsy_Pack02.prefab using Guid(bfe86a87f3fb74b4aa4d66196f14d182) Importer(815301076,1909f56bfc062723c751e8b465ee728b)  -> (artifact id: 'b1546ec79dad9dd22cfefeafafa4501b') in 0.040726 seconds 
========================================================================
Received Prepare
Registering precompiled user dll's ...
Registered in 0.026229 seconds.
Begin MonoManager ReloadAssembly
Symbol file LoadedFromMemory doesn't match image D:\SupermarkeT\Library\PackageCache\com.unity.visualscripting@1.7.8\Editor\VisualScripting.Core\Dependencies\YamlDotNet\Unity.VisualScripting.YamlDotNet.dll
Symbol file LoadedFromMemory doesn't match image D:\SupermarkeT\Library\PackageCache\com.unity.visualscripting@1.7.8\Editor\VisualScripting.Core\Dependencies\DotNetZip\Unity.VisualScripting.IonicZip.dll
Native extension for WindowsStandalone target not found
Native extension for OSXStandalone target not found
Refreshing native plugins compatible for Editor in 0.71 ms, found 3 plugins.
Preloading 0 native plugins for Editor in 0.00 ms.
Mono: successfully reloaded assembly
- Completed reload, in  1.208 seconds
Domain Reload Profiling:
	ReloadAssembly (1209ms)
		BeginReloadAssembly (212ms)
			ExecutionOrderSort (0ms)
			DisableScriptedObjects (4ms)
			BackupInstance (0ms)
			ReleaseScriptingObjects (0ms)
			CreateAndSetChildDomain (45ms)
		EndReloadAssembly (867ms)
			LoadAssemblies (151ms)
			RebuildTransferFunctionScriptingTraits (0ms)
			SetupTypeCache (256ms)
			ReleaseScriptCaches (2ms)
			RebuildScriptCaches (47ms)
			SetupLoadedEditorAssemblies (391ms)
				LogAssemblyErrors (0ms)
				InitializePlatformSupportModulesInManaged (27ms)
				SetLoadedEditorAssemblies (0ms)
				RefreshPlugins (1ms)
				BeforeProcessingInitializeOnLoad (95ms)
				ProcessInitializeOnLoadAttributes (205ms)
				ProcessInitializeOnLoadMethodAttributes (37ms)
				AfterProcessingInitializeOnLoad (25ms)
				EditorAssembliesLoaded (0ms)
			ExecutionOrderSort2 (0ms)
			AwakeInstancesAfterBackupRestoration (6ms)
Platform modules already initialized, skipping
Refreshing native plugins compatible for Editor in 4.08 ms, found 3 plugins.
Preloading 0 native plugins for Editor in 0.00 ms.
Unloading 3537 Unused Serialized files (Serialized files now loaded: 0)
Unloading 21 unused Assets / (152.3 KB). Loaded Objects now: 4048.
Memory consumption went from 134.1 MB to 133.9 MB.
Total: 2.641300 ms (FindLiveObjects: 0.187400 ms CreateObjectMapping: 0.086600 ms MarkObjects: 2.216500 ms  DeleteObjects: 0.149400 ms)

AssetImportParameters requested are different than current active one (requested -> active):
  custom:video-decoder-ogg-theora: a1e56fd34408186e4bbccfd4996cb3dc -> 
  custom:container-muxer-webm: aa71ff27fc2769a1b78a27578f13a17b -> 
  custom:container-demuxer-webm: 4f35f7cbe854078d1ac9338744f61a02 -> 
  custom:video-encoder-webm-vp8: eb34c28f22e8b96e1ab97ce403110664 -> 
  custom:video-codec-MediaFoundation-h265: 746d11721c4dcdbdad8f713fa42b33f4 -> 
  custom:audio-encoder-webm-vorbis: bf7c407c2cedff20999df2af8eb42d56 -> 
  custom:framework-win-MediaFoundation: 216162199b28c13a410421893ffa2e32 -> 
  custom:container-demuxer-ogg: 62fdf1f143b41e24485cea50d1cbac27 -> 
  custom:video-decoder-webm-vp8: 9c59270c3fd7afecdb556c50c9e8de78 -> 
  custom:audio-decoder-ogg-vorbis: bf7c407c2cedff20999df2af8eb42d56 -> 
========================================================================
Received Prepare
Registering precompiled user dll's ...
Registered in 0.009424 seconds.
Begin MonoManager ReloadAssembly
Symbol file LoadedFromMemory doesn't match image D:\SupermarkeT\Library\PackageCache\com.unity.visualscripting@1.7.8\Editor\VisualScripting.Core\Dependencies\YamlDotNet\Unity.VisualScripting.YamlDotNet.dll
Symbol file LoadedFromMemory doesn't match image D:\SupermarkeT\Library\PackageCache\com.unity.visualscripting@1.7.8\Editor\VisualScripting.Core\Dependencies\DotNetZip\Unity.VisualScripting.IonicZip.dll
Native extension for WindowsStandalone target not found
Native extension for OSXStandalone target not found
Refreshing native plugins compatible for Editor in 1.02 ms, found 3 plugins.
Preloading 0 native plugins for Editor in 0.00 ms.
Mono: successfully reloaded assembly
- Completed reload, in  1.156 seconds
Domain Reload Profiling:
	ReloadAssembly (1157ms)
		BeginReloadAssembly (170ms)
			ExecutionOrderSort (0ms)
			DisableScriptedObjects (3ms)
			BackupInstance (0ms)
			ReleaseScriptingObjects (0ms)
			CreateAndSetChildDomain (34ms)
		EndReloadAssembly (828ms)
			LoadAssemblies (118ms)
			RebuildTransferFunctionScriptingTraits (0ms)
			SetupTypeCache (227ms)
			ReleaseScriptCaches (2ms)
			RebuildScriptCaches (43ms)
			SetupLoadedEditorAssemblies (416ms)
				LogAssemblyErrors (0ms)
				InitializePlatformSupportModulesInManaged (32ms)
				SetLoadedEditorAssemblies (0ms)
				RefreshPlugins (1ms)
				BeforeProcessingInitializeOnLoad (107ms)
				ProcessInitializeOnLoadAttributes (212ms)
				ProcessInitializeOnLoadMethodAttributes (29ms)
				AfterProcessingInitializeOnLoad (35ms)
				EditorAssembliesLoaded (0ms)
			ExecutionOrderSort2 (0ms)
			AwakeInstancesAfterBackupRestoration (7ms)
Platform modules already initialized, skipping
Refreshing native plugins compatible for Editor in 2.61 ms, found 3 plugins.
Preloading 0 native plugins for Editor in 0.00 ms.
Unloading 3537 Unused Serialized files (Serialized files now loaded: 0)
Unloading 21 unused Assets / (153.1 KB). Loaded Objects now: 4063.
Memory consumption went from 134.1 MB to 133.9 MB.
Total: 4.955200 ms (FindLiveObjects: 0.581900 ms CreateObjectMapping: 0.132900 ms MarkObjects: 4.070800 ms  DeleteObjects: 0.165800 ms)

AssetImportParameters requested are different than current active one (requested -> active):
  custom:video-decoder-ogg-theora: a1e56fd34408186e4bbccfd4996cb3dc -> 
  custom:container-muxer-webm: aa71ff27fc2769a1b78a27578f13a17b -> 
  custom:container-demuxer-webm: 4f35f7cbe854078d1ac9338744f61a02 -> 
  custom:video-encoder-webm-vp8: eb34c28f22e8b96e1ab97ce403110664 -> 
  custom:video-codec-MediaFoundation-h265: 746d11721c4dcdbdad8f713fa42b33f4 -> 
  custom:audio-encoder-webm-vorbis: bf7c407c2cedff20999df2af8eb42d56 -> 
  custom:framework-win-MediaFoundation: 216162199b28c13a410421893ffa2e32 -> 
  custom:container-demuxer-ogg: 62fdf1f143b41e24485cea50d1cbac27 -> 
  custom:video-decoder-webm-vp8: 9c59270c3fd7afecdb556c50c9e8de78 -> 
  custom:audio-decoder-ogg-vorbis: bf7c407c2cedff20999df2af8eb42d56 -> 
========================================================================
Received Prepare
Registering precompiled user dll's ...
Registered in 0.010863 seconds.
Begin MonoManager ReloadAssembly
Symbol file LoadedFromMemory doesn't match image D:\SupermarkeT\Library\PackageCache\com.unity.visualscripting@1.7.8\Editor\VisualScripting.Core\Dependencies\YamlDotNet\Unity.VisualScripting.YamlDotNet.dll
Symbol file LoadedFromMemory doesn't match image D:\SupermarkeT\Library\PackageCache\com.unity.visualscripting@1.7.8\Editor\VisualScripting.Core\Dependencies\DotNetZip\Unity.VisualScripting.IonicZip.dll
Native extension for WindowsStandalone target not found
Native extension for OSXStandalone target not found
Refreshing native plugins compatible for Editor in 1.14 ms, found 3 plugins.
Preloading 0 native plugins for Editor in 0.00 ms.
Mono: successfully reloaded assembly
- Completed reload, in  1.117 seconds
Domain Reload Profiling:
	ReloadAssembly (1118ms)
		BeginReloadAssembly (143ms)
			ExecutionOrderSort (0ms)
			DisableScriptedObjects (3ms)
			BackupInstance (0ms)
			ReleaseScriptingObjects (0ms)
			CreateAndSetChildDomain (32ms)
		EndReloadAssembly (850ms)
			LoadAssemblies (110ms)
			RebuildTransferFunctionScriptingTraits (0ms)
			SetupTypeCache (248ms)
			ReleaseScriptCaches (1ms)
			RebuildScriptCaches (38ms)
			SetupLoadedEditorAssemblies (404ms)
				LogAssemblyErrors (0ms)
				InitializePlatformSupportModulesInManaged (25ms)
				SetLoadedEditorAssemblies (0ms)
				RefreshPlugins (1ms)
				BeforeProcessingInitializeOnLoad (107ms)
				ProcessInitializeOnLoadAttributes (207ms)
				ProcessInitializeOnLoadMethodAttributes (30ms)
				AfterProcessingInitializeOnLoad (33ms)
				EditorAssembliesLoaded (0ms)
			ExecutionOrderSort2 (0ms)
			AwakeInstancesAfterBackupRestoration (6ms)
Platform modules already initialized, skipping
Refreshing native plugins compatible for Editor in 3.58 ms, found 3 plugins.
Preloading 0 native plugins for Editor in 0.00 ms.
Unloading 3537 Unused Serialized files (Serialized files now loaded: 0)
Unloading 21 unused Assets / (153.3 KB). Loaded Objects now: 4078.
Memory consumption went from 134.1 MB to 133.9 MB.
Total: 2.996400 ms (FindLiveObjects: 0.242000 ms CreateObjectMapping: 0.143600 ms MarkObjects: 2.472300 ms  DeleteObjects: 0.136100 ms)

AssetImportParameters requested are different than current active one (requested -> active):
  custom:video-decoder-ogg-theora: a1e56fd34408186e4bbccfd4996cb3dc -> 
  custom:container-muxer-webm: aa71ff27fc2769a1b78a27578f13a17b -> 
  custom:container-demuxer-webm: 4f35f7cbe854078d1ac9338744f61a02 -> 
  custom:video-encoder-webm-vp8: eb34c28f22e8b96e1ab97ce403110664 -> 
  custom:video-codec-MediaFoundation-h265: 746d11721c4dcdbdad8f713fa42b33f4 -> 
  custom:audio-encoder-webm-vorbis: bf7c407c2cedff20999df2af8eb42d56 -> 
  custom:framework-win-MediaFoundation: 216162199b28c13a410421893ffa2e32 -> 
  custom:container-demuxer-ogg: 62fdf1f143b41e24485cea50d1cbac27 -> 
  custom:video-decoder-webm-vp8: 9c59270c3fd7afecdb556c50c9e8de78 -> 
  custom:audio-decoder-ogg-vorbis: bf7c407c2cedff20999df2af8eb42d56 -> 
========================================================================
Received Prepare
Registering precompiled user dll's ...
Registered in 0.010705 seconds.
Begin MonoManager ReloadAssembly
Symbol file LoadedFromMemory doesn't match image D:\SupermarkeT\Library\PackageCache\com.unity.visualscripting@1.7.8\Editor\VisualScripting.Core\Dependencies\YamlDotNet\Unity.VisualScripting.YamlDotNet.dll
Symbol file LoadedFromMemory doesn't match image D:\SupermarkeT\Library\PackageCache\com.unity.visualscripting@1.7.8\Editor\VisualScripting.Core\Dependencies\DotNetZip\Unity.VisualScripting.IonicZip.dll
Native extension for WindowsStandalone target not found
Native extension for OSXStandalone target not found
Refreshing native plugins compatible for Editor in 0.72 ms, found 3 plugins.
Preloading 0 native plugins for Editor in 0.00 ms.
Mono: successfully reloaded assembly
- Completed reload, in  1.065 seconds
Domain Reload Profiling:
	ReloadAssembly (1065ms)
		BeginReloadAssembly (138ms)
			ExecutionOrderSort (0ms)
			DisableScriptedObjects (3ms)
			BackupInstance (0ms)
			ReleaseScriptingObjects (0ms)
			CreateAndSetChildDomain (25ms)
		EndReloadAssembly (810ms)
			LoadAssemblies (111ms)
			RebuildTransferFunctionScriptingTraits (0ms)
			SetupTypeCache (228ms)
			ReleaseScriptCaches (2ms)
			RebuildScriptCaches (39ms)
			SetupLoadedEditorAssemblies (392ms)
				LogAssemblyErrors (0ms)
				InitializePlatformSupportModulesInManaged (25ms)
				SetLoadedEditorAssemblies (0ms)
				RefreshPlugins (1ms)
				BeforeProcessingInitializeOnLoad (99ms)
				ProcessInitializeOnLoadAttributes (206ms)
				ProcessInitializeOnLoadMethodAttributes (29ms)
				AfterProcessingInitializeOnLoad (32ms)
				EditorAssembliesLoaded (0ms)
			ExecutionOrderSort2 (0ms)
			AwakeInstancesAfterBackupRestoration (6ms)
Platform modules already initialized, skipping
Refreshing native plugins compatible for Editor in 2.34 ms, found 3 plugins.
Preloading 0 native plugins for Editor in 0.00 ms.
Unloading 3537 Unused Serialized files (Serialized files now loaded: 0)
Unloading 21 unused Assets / (153.2 KB). Loaded Objects now: 4093.
Memory consumption went from 134.1 MB to 134.0 MB.
Total: 2.729900 ms (FindLiveObjects: 0.213100 ms CreateObjectMapping: 0.091700 ms MarkObjects: 2.235000 ms  DeleteObjects: 0.188300 ms)

AssetImportParameters requested are different than current active one (requested -> active):
  custom:video-decoder-ogg-theora: a1e56fd34408186e4bbccfd4996cb3dc -> 
  custom:container-muxer-webm: aa71ff27fc2769a1b78a27578f13a17b -> 
  custom:container-demuxer-webm: 4f35f7cbe854078d1ac9338744f61a02 -> 
  custom:video-encoder-webm-vp8: eb34c28f22e8b96e1ab97ce403110664 -> 
  custom:video-codec-MediaFoundation-h265: 746d11721c4dcdbdad8f713fa42b33f4 -> 
  custom:audio-encoder-webm-vorbis: bf7c407c2cedff20999df2af8eb42d56 -> 
  custom:framework-win-MediaFoundation: 216162199b28c13a410421893ffa2e32 -> 
  custom:container-demuxer-ogg: 62fdf1f143b41e24485cea50d1cbac27 -> 
  custom:video-decoder-webm-vp8: 9c59270c3fd7afecdb556c50c9e8de78 -> 
  custom:audio-decoder-ogg-vorbis: bf7c407c2cedff20999df2af8eb42d56 -> 
========================================================================
Received Prepare
Registering precompiled user dll's ...
Registered in 0.010149 seconds.
Begin MonoManager ReloadAssembly
Symbol file LoadedFromMemory doesn't match image D:\SupermarkeT\Library\PackageCache\com.unity.visualscripting@1.7.8\Editor\VisualScripting.Core\Dependencies\YamlDotNet\Unity.VisualScripting.YamlDotNet.dll
Symbol file LoadedFromMemory doesn't match image D:\SupermarkeT\Library\PackageCache\com.unity.visualscripting@1.7.8\Editor\VisualScripting.Core\Dependencies\DotNetZip\Unity.VisualScripting.IonicZip.dll
Native extension for WindowsStandalone target not found
Native extension for OSXStandalone target not found
Refreshing native plugins compatible for Editor in 0.73 ms, found 3 plugins.
Preloading 0 native plugins for Editor in 0.00 ms.
Mono: successfully reloaded assembly
- Completed reload, in  1.088 seconds
Domain Reload Profiling:
	ReloadAssembly (1089ms)
		BeginReloadAssembly (138ms)
			ExecutionOrderSort (0ms)
			DisableScriptedObjects (3ms)
			BackupInstance (0ms)
			ReleaseScriptingObjects (0ms)
			CreateAndSetChildDomain (31ms)
		EndReloadAssembly (842ms)
			LoadAssemblies (96ms)
			RebuildTransferFunctionScriptingTraits (0ms)
			SetupTypeCache (237ms)
			ReleaseScriptCaches (1ms)
			RebuildScriptCaches (49ms)
			SetupLoadedEditorAssemblies (398ms)
				LogAssemblyErrors (0ms)
				InitializePlatformSupportModulesInManaged (29ms)
				SetLoadedEditorAssemblies (0ms)
				RefreshPlugins (1ms)
				BeforeProcessingInitializeOnLoad (101ms)
				ProcessInitializeOnLoadAttributes (205ms)
				ProcessInitializeOnLoadMethodAttributes (27ms)
				AfterProcessingInitializeOnLoad (34ms)
				EditorAssembliesLoaded (0ms)
			ExecutionOrderSort2 (0ms)
			AwakeInstancesAfterBackupRestoration (7ms)
Platform modules already initialized, skipping
Refreshing native plugins compatible for Editor in 2.56 ms, found 3 plugins.
Preloading 0 native plugins for Editor in 0.00 ms.
Unloading 3537 Unused Serialized files (Serialized files now loaded: 0)
Unloading 21 unused Assets / (153.2 KB). Loaded Objects now: 4108.
Memory consumption went from 134.1 MB to 134.0 MB.
Total: 2.663700 ms (FindLiveObjects: 0.216100 ms CreateObjectMapping: 0.125700 ms MarkObjects: 2.167300 ms  DeleteObjects: 0.153400 ms)

AssetImportParameters requested are different than current active one (requested -> active):
  custom:video-decoder-ogg-theora: a1e56fd34408186e4bbccfd4996cb3dc -> 
  custom:container-muxer-webm: aa71ff27fc2769a1b78a27578f13a17b -> 
  custom:container-demuxer-webm: 4f35f7cbe854078d1ac9338744f61a02 -> 
  custom:video-encoder-webm-vp8: eb34c28f22e8b96e1ab97ce403110664 -> 
  custom:video-codec-MediaFoundation-h265: 746d11721c4dcdbdad8f713fa42b33f4 -> 
  custom:audio-encoder-webm-vorbis: bf7c407c2cedff20999df2af8eb42d56 -> 
  custom:framework-win-MediaFoundation: 216162199b28c13a410421893ffa2e32 -> 
  custom:container-demuxer-ogg: 62fdf1f143b41e24485cea50d1cbac27 -> 
  custom:video-decoder-webm-vp8: 9c59270c3fd7afecdb556c50c9e8de78 -> 
  custom:audio-decoder-ogg-vorbis: bf7c407c2cedff20999df2af8eb42d56 -> 
========================================================================
Received Prepare
Registering precompiled user dll's ...
Registered in 0.011088 seconds.
Begin MonoManager ReloadAssembly
Symbol file LoadedFromMemory doesn't match image D:\SupermarkeT\Library\PackageCache\com.unity.visualscripting@1.7.8\Editor\VisualScripting.Core\Dependencies\YamlDotNet\Unity.VisualScripting.YamlDotNet.dll
Symbol file LoadedFromMemory doesn't match image D:\SupermarkeT\Library\PackageCache\com.unity.visualscripting@1.7.8\Editor\VisualScripting.Core\Dependencies\DotNetZip\Unity.VisualScripting.IonicZip.dll
Native extension for WindowsStandalone target not found
Native extension for OSXStandalone target not found
Refreshing native plugins compatible for Editor in 1.15 ms, found 3 plugins.
Preloading 0 native plugins for Editor in 0.00 ms.
Mono: successfully reloaded assembly
- Completed reload, in  1.106 seconds
Domain Reload Profiling:
	ReloadAssembly (1106ms)
		BeginReloadAssembly (149ms)
			ExecutionOrderSort (0ms)
			DisableScriptedObjects (4ms)
			BackupInstance (0ms)
			ReleaseScriptingObjects (0ms)
			CreateAndSetChildDomain (31ms)
		EndReloadAssembly (829ms)
			LoadAssemblies (114ms)
			RebuildTransferFunctionScriptingTraits (0ms)
			SetupTypeCache (219ms)
			ReleaseScriptCaches (2ms)
			RebuildScriptCaches (42ms)
			SetupLoadedEditorAssemblies (406ms)
				LogAssemblyErrors (0ms)
				InitializePlatformSupportModulesInManaged (28ms)
				SetLoadedEditorAssemblies (0ms)
				RefreshPlugins (1ms)
				BeforeProcessingInitializeOnLoad (96ms)
				ProcessInitializeOnLoadAttributes (214ms)
				ProcessInitializeOnLoadMethodAttributes (33ms)
				AfterProcessingInitializeOnLoad (33ms)
				EditorAssembliesLoaded (0ms)
			ExecutionOrderSort2 (0ms)
			AwakeInstancesAfterBackupRestoration (8ms)
Platform modules already initialized, skipping
Refreshing native plugins compatible for Editor in 3.30 ms, found 3 plugins.
Preloading 0 native plugins for Editor in 0.00 ms.
Unloading 3537 Unused Serialized files (Serialized files now loaded: 0)
Unloading 21 unused Assets / (153.2 KB). Loaded Objects now: 4123.
Memory consumption went from 134.2 MB to 134.0 MB.
Total: 2.988000 ms (FindLiveObjects: 0.200400 ms CreateObjectMapping: 0.135900 ms MarkObjects: 2.495200 ms  DeleteObjects: 0.155000 ms)

AssetImportParameters requested are different than current active one (requested -> active):
  custom:video-decoder-ogg-theora: a1e56fd34408186e4bbccfd4996cb3dc -> 
  custom:container-muxer-webm: aa71ff27fc2769a1b78a27578f13a17b -> 
  custom:container-demuxer-webm: 4f35f7cbe854078d1ac9338744f61a02 -> 
  custom:video-encoder-webm-vp8: eb34c28f22e8b96e1ab97ce403110664 -> 
  custom:video-codec-MediaFoundation-h265: 746d11721c4dcdbdad8f713fa42b33f4 -> 
  custom:audio-encoder-webm-vorbis: bf7c407c2cedff20999df2af8eb42d56 -> 
  custom:framework-win-MediaFoundation: 216162199b28c13a410421893ffa2e32 -> 
  custom:container-demuxer-ogg: 62fdf1f143b41e24485cea50d1cbac27 -> 
  custom:video-decoder-webm-vp8: 9c59270c3fd7afecdb556c50c9e8de78 -> 
  custom:audio-decoder-ogg-vorbis: bf7c407c2cedff20999df2af8eb42d56 -> 
========================================================================
Received Prepare
Registering precompiled user dll's ...
Registered in 0.012502 seconds.
Begin MonoManager ReloadAssembly
Symbol file LoadedFromMemory doesn't match image D:\SupermarkeT\Library\PackageCache\com.unity.visualscripting@1.7.8\Editor\VisualScripting.Core\Dependencies\YamlDotNet\Unity.VisualScripting.YamlDotNet.dll
Symbol file LoadedFromMemory doesn't match image D:\SupermarkeT\Library\PackageCache\com.unity.visualscripting@1.7.8\Editor\VisualScripting.Core\Dependencies\DotNetZip\Unity.VisualScripting.IonicZip.dll
Native extension for WindowsStandalone target not found
Native extension for OSXStandalone target not found
Refreshing native plugins compatible for Editor in 0.92 ms, found 3 plugins.
Preloading 0 native plugins for Editor in 0.00 ms.
Mono: successfully reloaded assembly
- Completed reload, in  1.040 seconds
Domain Reload Profiling:
	ReloadAssembly (1041ms)
		BeginReloadAssembly (141ms)
			ExecutionOrderSort (0ms)
			DisableScriptedObjects (5ms)
			BackupInstance (0ms)
			ReleaseScriptingObjects (0ms)
			CreateAndSetChildDomain (26ms)
		EndReloadAssembly (791ms)
			LoadAssemblies (109ms)
			RebuildTransferFunctionScriptingTraits (0ms)
			SetupTypeCache (220ms)
			ReleaseScriptCaches (2ms)
			RebuildScriptCaches (37ms)
			SetupLoadedEditorAssemblies (391ms)
				LogAssemblyErrors (0ms)
				InitializePlatformSupportModulesInManaged (23ms)
				SetLoadedEditorAssemblies (1ms)
				RefreshPlugins (1ms)
				BeforeProcessingInitializeOnLoad (97ms)
				ProcessInitializeOnLoadAttributes (211ms)
				ProcessInitializeOnLoadMethodAttributes (28ms)
				AfterProcessingInitializeOnLoad (29ms)
				EditorAssembliesLoaded (0ms)
			ExecutionOrderSort2 (0ms)
			AwakeInstancesAfterBackupRestoration (7ms)
Platform modules already initialized, skipping
Refreshing native plugins compatible for Editor in 2.58 ms, found 3 plugins.
Preloading 0 native plugins for Editor in 0.00 ms.
Unloading 3537 Unused Serialized files (Serialized files now loaded: 0)
Unloading 21 unused Assets / (153.1 KB). Loaded Objects now: 4138.
Memory consumption went from 134.2 MB to 134.0 MB.
Total: 4.587300 ms (FindLiveObjects: 0.483300 ms CreateObjectMapping: 0.222100 ms MarkObjects: 3.713600 ms  DeleteObjects: 0.165300 ms)

AssetImportParameters requested are different than current active one (requested -> active):
  custom:video-decoder-ogg-theora: a1e56fd34408186e4bbccfd4996cb3dc -> 
  custom:container-muxer-webm: aa71ff27fc2769a1b78a27578f13a17b -> 
  custom:container-demuxer-webm: 4f35f7cbe854078d1ac9338744f61a02 -> 
  custom:video-encoder-webm-vp8: eb34c28f22e8b96e1ab97ce403110664 -> 
  custom:video-codec-MediaFoundation-h265: 746d11721c4dcdbdad8f713fa42b33f4 -> 
  custom:audio-encoder-webm-vorbis: bf7c407c2cedff20999df2af8eb42d56 -> 
  custom:framework-win-MediaFoundation: 216162199b28c13a410421893ffa2e32 -> 
  custom:container-demuxer-ogg: 62fdf1f143b41e24485cea50d1cbac27 -> 
  custom:video-decoder-webm-vp8: 9c59270c3fd7afecdb556c50c9e8de78 -> 
  custom:audio-decoder-ogg-vorbis: bf7c407c2cedff20999df2af8eb42d56 -> 
