Using pre-set license
Built from 'HEAD' branch; Version is '2021.3.12f1c2 (ffeb050254a0) revision 16771845'; Using compiler version '192829333'; Build Type 'Release'
OS: 'Windows 11  (10.0.22631) 64bit CoreCountrySpecific' Language: 'zh' Physical Memory: 16068 MB
BatchMode: 1, IsHumanControllingUs: 0, StartBugReporterOnCrash: 0, Is64bit: 1, IsPro: 1

COMMAND LINE ARGUMENTS:
C:\Program Files\Unity\Hub\Editor\2021.3.12f1c2\Editor\Unity.exe
-adb2
-batchMode
-noUpm
-name
AssetImportWorker3
-projectPath
D:/SupermarkeT
-logFile
Logs/AssetImportWorker3.log
-srvPort
1928
Successfully changed project path to: D:/SupermarkeT
D:/SupermarkeT
[UnityMemory] Configuration Parameters - Can be set up in boot.config
    "memorysetup-bucket-allocator-granularity=16"
    "memorysetup-bucket-allocator-bucket-count=8"
    "memorysetup-bucket-allocator-block-size=33554432"
    "memorysetup-bucket-allocator-block-count=8"
    "memorysetup-main-allocator-block-size=16777216"
    "memorysetup-thread-allocator-block-size=16777216"
    "memorysetup-gfx-main-allocator-block-size=16777216"
    "memorysetup-gfx-thread-allocator-block-size=16777216"
    "memorysetup-cache-allocator-block-size=4194304"
    "memorysetup-typetree-allocator-block-size=2097152"
    "memorysetup-profiler-bucket-allocator-granularity=16"
    "memorysetup-profiler-bucket-allocator-bucket-count=8"
    "memorysetup-profiler-bucket-allocator-block-size=33554432"
    "memorysetup-profiler-bucket-allocator-block-count=8"
    "memorysetup-profiler-allocator-block-size=16777216"
    "memorysetup-profiler-editor-allocator-block-size=1048576"
    "memorysetup-temp-allocator-size-main=16777216"
    "memorysetup-job-temp-allocator-block-size=2097152"
    "memorysetup-job-temp-allocator-block-size-background=1048576"
    "memorysetup-job-temp-allocator-reduction-small-platforms=262144"
    "memorysetup-temp-allocator-size-background-worker=32768"
    "memorysetup-temp-allocator-size-job-worker=262144"
    "memorysetup-temp-allocator-size-preload-manager=33554432"
    "memorysetup-temp-allocator-size-nav-mesh-worker=65536"
    "memorysetup-temp-allocator-size-audio-worker=65536"
    "memorysetup-temp-allocator-size-cloud-worker=32768"
    "memorysetup-temp-allocator-size-gi-baking-worker=262144"
    "memorysetup-temp-allocator-size-gfx=262144"
AS: AutoStreaming module initializing.
Refreshing native plugins compatible for Editor in 80.21 ms, found 3 plugins.
Preloading 0 native plugins for Editor in 0.00 ms.
Initialize engine version: 2021.3.12f1c2 (ffeb050254a0)
[Subsystems] Discovering subsystems at path C:/Program Files/Unity/Hub/Editor/2021.3.12f1c2/Editor/Data/Resources/UnitySubsystems
[Subsystems] Discovering subsystems at path D:/SupermarkeT/Assets
GfxDevice: creating device client; threaded=0; jobified=0
Direct3D:
    Version:  Direct3D 11.0 [level 11.1]
    Renderer: NVIDIA GeForce RTX 3050 Laptop GPU (ID=0x25e2)
    Vendor:   NVIDIA
    VRAM:     3964 MB
    Driver:   32.0.15.5599
Initialize mono
Mono path[0] = 'C:/Program Files/Unity/Hub/Editor/2021.3.12f1c2/Editor/Data/Managed'
Mono path[1] = 'C:/Program Files/Unity/Hub/Editor/2021.3.12f1c2/Editor/Data/MonoBleedingEdge/lib/mono/unityjit-win32'
Mono config path = 'C:/Program Files/Unity/Hub/Editor/2021.3.12f1c2/Editor/Data/MonoBleedingEdge/etc'
Using monoOptions --debugger-agent=transport=dt_socket,embedding=1,server=y,suspend=n,address=127.0.0.1:56584
Begin MonoManager ReloadAssembly
Registering precompiled unity dll's ...
Register platform support module: C:/Program Files/Unity/Hub/Editor/2021.3.12f1c2/Editor/Data/PlaybackEngines/MacStandaloneSupport/UnityEditor.OSXStandalone.Extensions.dll
Register platform support module: C:/Program Files/Unity/Hub/Editor/2021.3.12f1c2/Editor/Data/PlaybackEngines/WindowsStandaloneSupport/UnityEditor.WindowsStandalone.Extensions.dll
Registered in 0.022283 seconds.
Native extension for WindowsStandalone target not found
Native extension for OSXStandalone target not found
Refreshing native plugins compatible for Editor in 77.21 ms, found 3 plugins.
Preloading 0 native plugins for Editor in 0.00 ms.
Mono: successfully reloaded assembly
- Completed reload, in  0.588 seconds
Domain Reload Profiling:
	ReloadAssembly (588ms)
		BeginReloadAssembly (76ms)
			ExecutionOrderSort (0ms)
			DisableScriptedObjects (0ms)
			BackupInstance (0ms)
			ReleaseScriptingObjects (0ms)
			CreateAndSetChildDomain (1ms)
		EndReloadAssembly (382ms)
			LoadAssemblies (69ms)
			RebuildTransferFunctionScriptingTraits (0ms)
			SetupTypeCache (76ms)
			ReleaseScriptCaches (0ms)
			RebuildScriptCaches (20ms)
			SetupLoadedEditorAssemblies (230ms)
				LogAssemblyErrors (0ms)
				InitializePlatformSupportModulesInManaged (18ms)
				SetLoadedEditorAssemblies (0ms)
				RefreshPlugins (77ms)
				BeforeProcessingInitializeOnLoad (2ms)
				ProcessInitializeOnLoadAttributes (95ms)
				ProcessInitializeOnLoadMethodAttributes (38ms)
				AfterProcessingInitializeOnLoad (0ms)
				EditorAssembliesLoaded (0ms)
			ExecutionOrderSort2 (0ms)
			AwakeInstancesAfterBackupRestoration (0ms)
Platform modules already initialized, skipping
Registering precompiled user dll's ...
Registered in 0.009129 seconds.
Begin MonoManager ReloadAssembly
Symbol file LoadedFromMemory doesn't match image D:\SupermarkeT\Library\PackageCache\com.unity.visualscripting@1.7.8\Editor\VisualScripting.Core\Dependencies\YamlDotNet\Unity.VisualScripting.YamlDotNet.dll
Symbol file LoadedFromMemory doesn't match image D:\SupermarkeT\Library\PackageCache\com.unity.visualscripting@1.7.8\Editor\VisualScripting.Core\Dependencies\DotNetZip\Unity.VisualScripting.IonicZip.dll
Native extension for WindowsStandalone target not found
Native extension for OSXStandalone target not found
Refreshing native plugins compatible for Editor in 0.65 ms, found 3 plugins.
Preloading 0 native plugins for Editor in 0.00 ms.
Mono: successfully reloaded assembly
- Completed reload, in  0.933 seconds
Domain Reload Profiling:
	ReloadAssembly (934ms)
		BeginReloadAssembly (111ms)
			ExecutionOrderSort (0ms)
			DisableScriptedObjects (7ms)
			BackupInstance (0ms)
			ReleaseScriptingObjects (0ms)
			CreateAndSetChildDomain (15ms)
		EndReloadAssembly (709ms)
			LoadAssemblies (82ms)
			RebuildTransferFunctionScriptingTraits (0ms)
			SetupTypeCache (196ms)
			ReleaseScriptCaches (1ms)
			RebuildScriptCaches (36ms)
			SetupLoadedEditorAssemblies (360ms)
				LogAssemblyErrors (0ms)
				InitializePlatformSupportModulesInManaged (14ms)
				SetLoadedEditorAssemblies (0ms)
				RefreshPlugins (1ms)
				BeforeProcessingInitializeOnLoad (94ms)
				ProcessInitializeOnLoadAttributes (203ms)
				ProcessInitializeOnLoadMethodAttributes (27ms)
				AfterProcessingInitializeOnLoad (21ms)
				EditorAssembliesLoaded (0ms)
			ExecutionOrderSort2 (0ms)
			AwakeInstancesAfterBackupRestoration (6ms)
Platform modules already initialized, skipping
========================================================================
Worker process is ready to serve import requests
Launched and connected shader compiler UnityShaderCompiler.exe after 0.12 seconds
Refreshing native plugins compatible for Editor in 0.97 ms, found 3 plugins.
Preloading 0 native plugins for Editor in 0.00 ms.
Unloading 3387 Unused Serialized files (Serialized files now loaded: 0)
Unloading 27 unused Assets / (114.5 KB). Loaded Objects now: 3848.
Memory consumption went from 123.7 MB to 123.6 MB.
Total: 5.666600 ms (FindLiveObjects: 0.585300 ms CreateObjectMapping: 0.196500 ms MarkObjects: 4.738300 ms  DeleteObjects: 0.143300 ms)

AssetImportParameters requested are different than current active one (requested -> active):
  custom:video-decoder-ogg-theora: a1e56fd34408186e4bbccfd4996cb3dc -> 
  custom:container-muxer-webm: aa71ff27fc2769a1b78a27578f13a17b -> 
  custom:container-demuxer-webm: 4f35f7cbe854078d1ac9338744f61a02 -> 
  custom:video-encoder-webm-vp8: eb34c28f22e8b96e1ab97ce403110664 -> 
  custom:video-codec-MediaFoundation-h265: 746d11721c4dcdbdad8f713fa42b33f4 -> 
  custom:audio-encoder-webm-vorbis: bf7c407c2cedff20999df2af8eb42d56 -> 
  custom:framework-win-MediaFoundation: 216162199b28c13a410421893ffa2e32 -> 
  custom:container-demuxer-ogg: 62fdf1f143b41e24485cea50d1cbac27 -> 
  custom:video-decoder-webm-vp8: 9c59270c3fd7afecdb556c50c9e8de78 -> 
  custom:audio-decoder-ogg-vorbis: bf7c407c2cedff20999df2af8eb42d56 -> 
========================================================================
Received Import Request.
  Time since last request: 2896.614523 seconds.
  path: Assets/ModernSupermarket/Prefabs/Furniture/Checkout_4295b5.prefab
  artifactKey: Guid(b30f3eb612c28b84aafe176c38502680) Importer(815301076,1909f56bfc062723c751e8b465ee728b)
Start importing Assets/ModernSupermarket/Prefabs/Furniture/Checkout_4295b5.prefab using Guid(b30f3eb612c28b84aafe176c38502680) Importer(815301076,1909f56bfc062723c751e8b465ee728b)  -> (artifact id: '5dd9d22d77668101a72ca470ffc4780b') in 0.271603 seconds 
========================================================================
Received Import Request.
  Time since last request: 0.247866 seconds.
  path: Assets/ModernSupermarket/Prefabs/Furniture/Checkout_gueqmj.prefab
  artifactKey: Guid(05e1e92b4e8a9694db8e1a8c69293ed5) Importer(815301076,1909f56bfc062723c751e8b465ee728b)
Start importing Assets/ModernSupermarket/Prefabs/Furniture/Checkout_gueqmj.prefab using Guid(05e1e92b4e8a9694db8e1a8c69293ed5) Importer(815301076,1909f56bfc062723c751e8b465ee728b)  -> (artifact id: 'b1483b223f2db695665ee8041a915ba6') in 0.179847 seconds 
========================================================================
Received Import Request.
  Time since last request: 0.296676 seconds.
  path: Assets/ModernSupermarket/Prefabs/Furniture/Counter_wh1nba.prefab
  artifactKey: Guid(e1ba54eeae249de4dafc7d3a4dfae543) Importer(815301076,1909f56bfc062723c751e8b465ee728b)
Start importing Assets/ModernSupermarket/Prefabs/Furniture/Counter_wh1nba.prefab using Guid(e1ba54eeae249de4dafc7d3a4dfae543) Importer(815301076,1909f56bfc062723c751e8b465ee728b)  -> (artifact id: '87d8313ced01e3ae92906a7fd7cd19c8') in 0.125904 seconds 
========================================================================
Received Import Request.
  Time since last request: 0.000027 seconds.
  path: Assets/ModernSupermarket/Prefabs/Furniture/HeritageStall_0hvi4w.prefab
  artifactKey: Guid(a1a44b7cae039064e90ea12da06a2113) Importer(815301076,1909f56bfc062723c751e8b465ee728b)
Start importing Assets/ModernSupermarket/Prefabs/Furniture/HeritageStall_0hvi4w.prefab using Guid(a1a44b7cae039064e90ea12da06a2113) Importer(815301076,1909f56bfc062723c751e8b465ee728b)  -> (artifact id: 'b3552c6d98aca588c1c75a0320cc16ef') in 0.033432 seconds 
========================================================================
Received Import Request.
  Time since last request: 0.000050 seconds.
  path: Assets/ModernSupermarket/Prefabs/Furniture/Sign_04h2fw_Water.prefab
  artifactKey: Guid(6ee5422a479fadc4dafea0d217b567ec) Importer(815301076,1909f56bfc062723c751e8b465ee728b)
Start importing Assets/ModernSupermarket/Prefabs/Furniture/Sign_04h2fw_Water.prefab using Guid(6ee5422a479fadc4dafea0d217b567ec) Importer(815301076,1909f56bfc062723c751e8b465ee728b)  -> (artifact id: '9088ed60d4cd2025d786622d026d622c') in 0.044772 seconds 
========================================================================
Received Import Request.
  Time since last request: 0.000025 seconds.
  path: Assets/ModernSupermarket/Prefabs/Furniture/Sign_04h2fw_Pastas.prefab
  artifactKey: Guid(965409dd430b7184192a81db98ff39c4) Importer(815301076,1909f56bfc062723c751e8b465ee728b)
Start importing Assets/ModernSupermarket/Prefabs/Furniture/Sign_04h2fw_Pastas.prefab using Guid(965409dd430b7184192a81db98ff39c4) Importer(815301076,1909f56bfc062723c751e8b465ee728b)  -> (artifact id: '2e4453d04e293d99fcbb09a25931c095') in 0.026435 seconds 
========================================================================
Received Import Request.
  Time since last request: 0.000024 seconds.
  path: Assets/ModernSupermarket/Prefabs/Furniture/Sign_04h2fw_Meat.prefab
  artifactKey: Guid(3cf462eb7902762429e50e4e68f69e6a) Importer(815301076,1909f56bfc062723c751e8b465ee728b)
Start importing Assets/ModernSupermarket/Prefabs/Furniture/Sign_04h2fw_Meat.prefab using Guid(3cf462eb7902762429e50e4e68f69e6a) Importer(815301076,1909f56bfc062723c751e8b465ee728b)  -> (artifact id: '9cf4a1ebfdf2dca730f8193f696bce6b') in 0.035503 seconds 
========================================================================
Received Import Request.
  Time since last request: 0.000021 seconds.
  path: Assets/ModernSupermarket/Prefabs/Furniture/Sign_04h2fw_Books.prefab
  artifactKey: Guid(47c91b64530d3e6419877775c1450dea) Importer(815301076,1909f56bfc062723c751e8b465ee728b)
Start importing Assets/ModernSupermarket/Prefabs/Furniture/Sign_04h2fw_Books.prefab using Guid(47c91b64530d3e6419877775c1450dea) Importer(815301076,1909f56bfc062723c751e8b465ee728b)  -> (artifact id: 'fe2926753122531055f507bd4439423e') in 0.022487 seconds 
========================================================================
Received Import Request.
  Time since last request: 0.000026 seconds.
  path: Assets/ModernSupermarket/Prefabs/Furniture/Grid_dyxmv5.prefab
  artifactKey: Guid(6bbc7d782f3b681438c645efab1e311b) Importer(815301076,1909f56bfc062723c751e8b465ee728b)
Start importing Assets/ModernSupermarket/Prefabs/Furniture/Grid_dyxmv5.prefab using Guid(6bbc7d782f3b681438c645efab1e311b) Importer(815301076,1909f56bfc062723c751e8b465ee728b)  -> (artifact id: 'f095bbfd81453409b8123caa844d4803') in 0.170226 seconds 
========================================================================
Received Import Request.
  Time since last request: 0.000024 seconds.
  path: Assets/ModernSupermarket/Prefabs/Furniture/Sign_9jlt52_Square.prefab
  artifactKey: Guid(84faa979b58fa0b4386498c7f0e969a3) Importer(815301076,1909f56bfc062723c751e8b465ee728b)
Start importing Assets/ModernSupermarket/Prefabs/Furniture/Sign_9jlt52_Square.prefab using Guid(84faa979b58fa0b4386498c7f0e969a3) Importer(815301076,1909f56bfc062723c751e8b465ee728b)  -> (artifact id: '53e5612f4d683dc58400c1f66fc05a46') in 0.021079 seconds 
========================================================================
Received Import Request.
  Time since last request: 0.000040 seconds.
  path: Assets/ModernSupermarket/Prefabs/Furniture/Sign_04h2fw_Frozen.prefab
  artifactKey: Guid(5dd1b0e733d436b4d852b5799446690f) Importer(815301076,1909f56bfc062723c751e8b465ee728b)
Start importing Assets/ModernSupermarket/Prefabs/Furniture/Sign_04h2fw_Frozen.prefab using Guid(5dd1b0e733d436b4d852b5799446690f) Importer(815301076,1909f56bfc062723c751e8b465ee728b)  -> (artifact id: '14c148528aeb8d20ebecf6812d692176') in 0.024359 seconds 
========================================================================
Received Import Request.
  Time since last request: 0.000033 seconds.
  path: Assets/ModernSupermarket/Prefabs/Furniture/Table_x90owh.prefab
  artifactKey: Guid(7142b2fd07f504443a5f02cea2b528a7) Importer(815301076,1909f56bfc062723c751e8b465ee728b)
Start importing Assets/ModernSupermarket/Prefabs/Furniture/Table_x90owh.prefab using Guid(7142b2fd07f504443a5f02cea2b528a7) Importer(815301076,1909f56bfc062723c751e8b465ee728b)  -> (artifact id: '89ffb7d9d3ef74964e9adca30dcffd34') in 0.047796 seconds 
========================================================================
Received Import Request.
  Time since last request: 0.000020 seconds.
  path: Assets/ModernSupermarket/Prefabs/Furniture/Sign_9jlt52_Circle.prefab
  artifactKey: Guid(f19667c3b03477943918e4ff51dab4d6) Importer(815301076,1909f56bfc062723c751e8b465ee728b)
Start importing Assets/ModernSupermarket/Prefabs/Furniture/Sign_9jlt52_Circle.prefab using Guid(f19667c3b03477943918e4ff51dab4d6) Importer(815301076,1909f56bfc062723c751e8b465ee728b)  -> (artifact id: 'a69560fe8f1b33fc01075708d9551dd8') in 0.017416 seconds 
========================================================================
Received Import Request.
  Time since last request: 0.000019 seconds.
  path: Assets/ModernSupermarket/Prefabs/Furniture/Stall_6f5bo1.prefab
  artifactKey: Guid(4c6917d537e40ba43868ff5c02121c96) Importer(815301076,1909f56bfc062723c751e8b465ee728b)
Start importing Assets/ModernSupermarket/Prefabs/Furniture/Stall_6f5bo1.prefab using Guid(4c6917d537e40ba43868ff5c02121c96) Importer(815301076,1909f56bfc062723c751e8b465ee728b)  -> (artifact id: 'c597f47e8f3b042eb14a2965df6f01ee') in 0.049827 seconds 
========================================================================
Received Import Request.
  Time since last request: 0.000023 seconds.
  path: Assets/ModernSupermarket/Prefabs/Furniture/Freezer_9olxw5.prefab
  artifactKey: Guid(518aaf4aa32e2e545b4e5e8050f8cdf6) Importer(815301076,1909f56bfc062723c751e8b465ee728b)
Start importing Assets/ModernSupermarket/Prefabs/Furniture/Freezer_9olxw5.prefab using Guid(518aaf4aa32e2e545b4e5e8050f8cdf6) Importer(815301076,1909f56bfc062723c751e8b465ee728b)  -> (artifact id: 'b8c90ff2690fa47055df018ca64c65e3') in 0.112056 seconds 
========================================================================
Received Import Request.
  Time since last request: 0.000025 seconds.
  path: Assets/ModernSupermarket/Prefabs/Furniture/Sign_04h2fw_Produce.prefab
  artifactKey: Guid(4034456ace60ee24cae64378dfa7d9f9) Importer(815301076,1909f56bfc062723c751e8b465ee728b)
Start importing Assets/ModernSupermarket/Prefabs/Furniture/Sign_04h2fw_Produce.prefab using Guid(4034456ace60ee24cae64378dfa7d9f9) Importer(815301076,1909f56bfc062723c751e8b465ee728b)  -> (artifact id: '4ffd626c8ade74ca07425e9dd0de3ceb') in 0.024323 seconds 
========================================================================
Received Import Request.
  Time since last request: 0.000033 seconds.
  path: Assets/ModernSupermarket/Prefabs/Furniture/Sign_04h2fw_Toilet.prefab
  artifactKey: Guid(200bdf6ff9f10f146b6838c487560787) Importer(815301076,1909f56bfc062723c751e8b465ee728b)
Start importing Assets/ModernSupermarket/Prefabs/Furniture/Sign_04h2fw_Toilet.prefab using Guid(200bdf6ff9f10f146b6838c487560787) Importer(815301076,1909f56bfc062723c751e8b465ee728b)  -> (artifact id: '8383d0ac95d7ecb5341f271f70c14e4d') in 0.019482 seconds 
========================================================================
Received Import Request.
  Time since last request: 0.000026 seconds.
  path: Assets/ModernSupermarket/Prefabs/Furniture/Sign_9jlt52_Star_Var01.prefab
  artifactKey: Guid(746d07ce8c039064984c9555cddf122e) Importer(815301076,1909f56bfc062723c751e8b465ee728b)
Start importing Assets/ModernSupermarket/Prefabs/Furniture/Sign_9jlt52_Star_Var01.prefab using Guid(746d07ce8c039064984c9555cddf122e) Importer(815301076,1909f56bfc062723c751e8b465ee728b)  -> (artifact id: 'a2709837169cec530c5c951b22b3d3e3') in 0.023909 seconds 
========================================================================
Received Import Request.
  Time since last request: 0.000025 seconds.
  path: Assets/ModernSupermarket/Prefabs/Furniture/Table_5ma72f.prefab
  artifactKey: Guid(fb297ff5d4ed968478fdf1bed8ac0c3c) Importer(815301076,1909f56bfc062723c751e8b465ee728b)
Start importing Assets/ModernSupermarket/Prefabs/Furniture/Table_5ma72f.prefab using Guid(fb297ff5d4ed968478fdf1bed8ac0c3c) Importer(815301076,1909f56bfc062723c751e8b465ee728b)  -> (artifact id: '4b2c309318fabe6d7137f051ff731104') in 0.051578 seconds 
========================================================================
Received Import Request.
  Time since last request: 0.000026 seconds.
  path: Assets/ModernSupermarket/Prefabs/Furniture/Fridge_f13xen.prefab
  artifactKey: Guid(a871a10bcb3dcd64fb8684376cc4b30b) Importer(815301076,1909f56bfc062723c751e8b465ee728b)
Start importing Assets/ModernSupermarket/Prefabs/Furniture/Fridge_f13xen.prefab using Guid(a871a10bcb3dcd64fb8684376cc4b30b) Importer(815301076,1909f56bfc062723c751e8b465ee728b)  -> (artifact id: '42c91ba8d7ff1dc5f4595ff73850ba44') in 0.118257 seconds 
========================================================================
Received Import Request.
  Time since last request: 0.000023 seconds.
  path: Assets/ModernSupermarket/Prefabs/Furniture/Sign_9jlt52_Square_Var01.prefab
  artifactKey: Guid(629fc0e2384fb434bb7637180b7ea1de) Importer(815301076,1909f56bfc062723c751e8b465ee728b)
Start importing Assets/ModernSupermarket/Prefabs/Furniture/Sign_9jlt52_Square_Var01.prefab using Guid(629fc0e2384fb434bb7637180b7ea1de) Importer(815301076,1909f56bfc062723c751e8b465ee728b)  -> (artifact id: 'b6f0524f7917145ad26b6f87f779631f') in 0.021044 seconds 
========================================================================
Received Import Request.
  Time since last request: 0.000028 seconds.
  path: Assets/ModernSupermarket/Prefabs/Furniture/Counter_attlsvVar01.prefab
  artifactKey: Guid(ba4f57aca56548240a1bb92ceb900ea9) Importer(815301076,1909f56bfc062723c751e8b465ee728b)
Start importing Assets/ModernSupermarket/Prefabs/Furniture/Counter_attlsvVar01.prefab using Guid(ba4f57aca56548240a1bb92ceb900ea9) Importer(815301076,1909f56bfc062723c751e8b465ee728b)  -> (artifact id: '3019f24160ef234b9a909f42a07ee5dc') in 0.146029 seconds 
========================================================================
Received Import Request.
  Time since last request: 2.782752 seconds.
  path: Assets/ModernSupermarket/Prefabs/Architecture/Ceiling.prefab
  artifactKey: Guid(c85ea330b01fd4341bbc049ea7f1a130) Importer(815301076,1909f56bfc062723c751e8b465ee728b)
Start importing Assets/ModernSupermarket/Prefabs/Architecture/Ceiling.prefab using Guid(c85ea330b01fd4341bbc049ea7f1a130) Importer(815301076,1909f56bfc062723c751e8b465ee728b)  -> (artifact id: '3eab8def2d4c9f6fcf80b6f80bb60795') in 0.182916 seconds 
========================================================================
Received Import Request.
  Time since last request: 0.000021 seconds.
  path: Assets/ModernSupermarket/Prefabs/Architecture/WallDoorLarge.prefab
  artifactKey: Guid(f320c266245f11c4d86f4ac0517816e1) Importer(815301076,1909f56bfc062723c751e8b465ee728b)
Start importing Assets/ModernSupermarket/Prefabs/Architecture/WallDoorLarge.prefab using Guid(f320c266245f11c4d86f4ac0517816e1) Importer(815301076,1909f56bfc062723c751e8b465ee728b)  -> (artifact id: '849d511ca6b5e67be1eee2f1ead57de3') in 0.142496 seconds 
========================================================================
Received Import Request.
  Time since last request: 0.000030 seconds.
  path: Assets/ModernSupermarket/Prefabs/Architecture/Vent_9y3yod_Grid02.prefab
  artifactKey: Guid(d902df3aef2935e4eb07ce8ea4eab913) Importer(815301076,1909f56bfc062723c751e8b465ee728b)
Start importing Assets/ModernSupermarket/Prefabs/Architecture/Vent_9y3yod_Grid02.prefab using Guid(d902df3aef2935e4eb07ce8ea4eab913) Importer(815301076,1909f56bfc062723c751e8b465ee728b)  -> (artifact id: '5dd8e30a50547ce7f796b0d1cde5636e') in 0.065125 seconds 
========================================================================
Received Import Request.
  Time since last request: 0.000022 seconds.
  path: Assets/ModernSupermarket/Prefabs/Architecture/Vent_9y3yod_Bias.prefab
  artifactKey: Guid(c3ae1f5c01727e8498387caf4a649b30) Importer(815301076,1909f56bfc062723c751e8b465ee728b)
Start importing Assets/ModernSupermarket/Prefabs/Architecture/Vent_9y3yod_Bias.prefab using Guid(c3ae1f5c01727e8498387caf4a649b30) Importer(815301076,1909f56bfc062723c751e8b465ee728b)  -> (artifact id: '7089169cd7e145faca5916a27fd300e6') in 0.029844 seconds 
========================================================================
Received Import Request.
  Time since last request: 0.000029 seconds.
  path: Assets/ModernSupermarket/Prefabs/Architecture/PillarTop_BeamTee.prefab
  artifactKey: Guid(5ed29bab0b3484547831f49e356b9d8d) Importer(815301076,1909f56bfc062723c751e8b465ee728b)
Start importing Assets/ModernSupermarket/Prefabs/Architecture/PillarTop_BeamTee.prefab using Guid(5ed29bab0b3484547831f49e356b9d8d) Importer(815301076,1909f56bfc062723c751e8b465ee728b)  -> (artifact id: 'd4bed3cdadd30070b42df08480592ac6') in 0.045937 seconds 
========================================================================
Received Import Request.
  Time since last request: 0.000026 seconds.
  path: Assets/ModernSupermarket/Prefabs/Architecture/Door_c5bu08.prefab
  artifactKey: Guid(43bba63863aef574392b6ce67c1c0961) Importer(815301076,1909f56bfc062723c751e8b465ee728b)
Start importing Assets/ModernSupermarket/Prefabs/Architecture/Door_c5bu08.prefab using Guid(43bba63863aef574392b6ce67c1c0961) Importer(815301076,1909f56bfc062723c751e8b465ee728b)  -> (artifact id: 'bf7dcafa019feb19b95db3114a53c9bb') in 0.066260 seconds 
========================================================================
Received Import Request.
  Time since last request: 0.000034 seconds.
  path: Assets/ModernSupermarket/Prefabs/Architecture/PillarTop_BeamLeft.prefab
  artifactKey: Guid(3fffb567d7ab59149b900c6324c1c5a4) Importer(815301076,1909f56bfc062723c751e8b465ee728b)
Start importing Assets/ModernSupermarket/Prefabs/Architecture/PillarTop_BeamLeft.prefab using Guid(3fffb567d7ab59149b900c6324c1c5a4) Importer(815301076,1909f56bfc062723c751e8b465ee728b)  -> (artifact id: '029448532f164e9c95ff021a99692561') in 0.020632 seconds 
========================================================================
Received Import Request.
  Time since last request: 0.000031 seconds.
  path: Assets/ModernSupermarket/Prefabs/Architecture/WallDoor.prefab
  artifactKey: Guid(a9890977fa8c9ae4d9a57a4af815622a) Importer(815301076,1909f56bfc062723c751e8b465ee728b)
Start importing Assets/ModernSupermarket/Prefabs/Architecture/WallDoor.prefab using Guid(a9890977fa8c9ae4d9a57a4af815622a) Importer(815301076,1909f56bfc062723c751e8b465ee728b)  -> (artifact id: '489762a7587f050adeb3a33021278c2f') in 0.038061 seconds 
========================================================================
Received Import Request.
  Time since last request: 0.000030 seconds.
  path: Assets/ModernSupermarket/Prefabs/Architecture/Wall.prefab
  artifactKey: Guid(9aac5da4c249fb943b2f58502039d284) Importer(815301076,1909f56bfc062723c751e8b465ee728b)
Start importing Assets/ModernSupermarket/Prefabs/Architecture/Wall.prefab using Guid(9aac5da4c249fb943b2f58502039d284) Importer(815301076,1909f56bfc062723c751e8b465ee728b)  -> (artifact id: '213232bbf3f2921bb15ddf22791783c8') in 0.021028 seconds 
========================================================================
Received Import Request.
  Time since last request: 0.000028 seconds.
  path: Assets/ModernSupermarket/Prefabs/Architecture/FloorSmall.prefab
  artifactKey: Guid(0d5df746bb0749449966315e41224d6c) Importer(815301076,1909f56bfc062723c751e8b465ee728b)
Start importing Assets/ModernSupermarket/Prefabs/Architecture/FloorSmall.prefab using Guid(0d5df746bb0749449966315e41224d6c) Importer(815301076,1909f56bfc062723c751e8b465ee728b)  -> (artifact id: '01a67006cecca23df4f7e7f9b00879c6') in 0.061726 seconds 
========================================================================
Received Import Request.
  Time since last request: 0.000038 seconds.
  path: Assets/ModernSupermarket/Prefabs/Architecture/Pillar.prefab
  artifactKey: Guid(732f750f21db00543ad2b0cdbf2c236f) Importer(815301076,1909f56bfc062723c751e8b465ee728b)
Start importing Assets/ModernSupermarket/Prefabs/Architecture/Pillar.prefab using Guid(732f750f21db00543ad2b0cdbf2c236f) Importer(815301076,1909f56bfc062723c751e8b465ee728b)  -> (artifact id: '49124a1d6c802d1aa87642e87f83e159') in 0.052321 seconds 
========================================================================
Received Import Request.
  Time since last request: 0.000022 seconds.
  path: Assets/ModernSupermarket/Prefabs/Architecture/Floor.prefab
  artifactKey: Guid(897fb7adfd40c4d45a3a68fca7b8aec9) Importer(815301076,1909f56bfc062723c751e8b465ee728b)
Start importing Assets/ModernSupermarket/Prefabs/Architecture/Floor.prefab using Guid(897fb7adfd40c4d45a3a68fca7b8aec9) Importer(815301076,1909f56bfc062723c751e8b465ee728b)  -> (artifact id: 'c263d1c3be8edc10b938a56489c919eb') in 0.058222 seconds 
========================================================================
Received Import Request.
  Time since last request: 0.000038 seconds.
  path: Assets/ModernSupermarket/Prefabs/Architecture/PillarTop_Beam.prefab
  artifactKey: Guid(f3fe27302e576a245b73371978238ea8) Importer(815301076,1909f56bfc062723c751e8b465ee728b)
Start importing Assets/ModernSupermarket/Prefabs/Architecture/PillarTop_Beam.prefab using Guid(f3fe27302e576a245b73371978238ea8) Importer(815301076,1909f56bfc062723c751e8b465ee728b)  -> (artifact id: '594603e59c0da9d5099d1fda83bbce57') in 0.021771 seconds 
========================================================================
Received Prepare
Registering precompiled user dll's ...
Registered in 0.010678 seconds.
Begin MonoManager ReloadAssembly
Symbol file LoadedFromMemory doesn't match image D:\SupermarkeT\Library\PackageCache\com.unity.visualscripting@1.7.8\Editor\VisualScripting.Core\Dependencies\YamlDotNet\Unity.VisualScripting.YamlDotNet.dll
Symbol file LoadedFromMemory doesn't match image D:\SupermarkeT\Library\PackageCache\com.unity.visualscripting@1.7.8\Editor\VisualScripting.Core\Dependencies\DotNetZip\Unity.VisualScripting.IonicZip.dll
Native extension for WindowsStandalone target not found
Native extension for OSXStandalone target not found
Refreshing native plugins compatible for Editor in 0.70 ms, found 3 plugins.
Preloading 0 native plugins for Editor in 0.00 ms.
Mono: successfully reloaded assembly
- Completed reload, in  1.031 seconds
Domain Reload Profiling:
	ReloadAssembly (1031ms)
		BeginReloadAssembly (167ms)
			ExecutionOrderSort (0ms)
			DisableScriptedObjects (3ms)
			BackupInstance (0ms)
			ReleaseScriptingObjects (0ms)
			CreateAndSetChildDomain (39ms)
		EndReloadAssembly (742ms)
			LoadAssemblies (114ms)
			RebuildTransferFunctionScriptingTraits (0ms)
			SetupTypeCache (197ms)
			ReleaseScriptCaches (1ms)
			RebuildScriptCaches (35ms)
			SetupLoadedEditorAssemblies (374ms)
				LogAssemblyErrors (0ms)
				InitializePlatformSupportModulesInManaged (27ms)
				SetLoadedEditorAssemblies (0ms)
				RefreshPlugins (1ms)
				BeforeProcessingInitializeOnLoad (92ms)
				ProcessInitializeOnLoadAttributes (205ms)
				ProcessInitializeOnLoadMethodAttributes (27ms)
				AfterProcessingInitializeOnLoad (22ms)
				EditorAssembliesLoaded (0ms)
			ExecutionOrderSort2 (0ms)
			AwakeInstancesAfterBackupRestoration (6ms)
Platform modules already initialized, skipping
Refreshing native plugins compatible for Editor in 2.39 ms, found 3 plugins.
Preloading 0 native plugins for Editor in 0.00 ms.
Unloading 3537 Unused Serialized files (Serialized files now loaded: 0)
Unloading 22 unused Assets / (175.3 KB). Loaded Objects now: 4029.
Memory consumption went from 133.4 MB to 133.2 MB.
Total: 3.531200 ms (FindLiveObjects: 0.354100 ms CreateObjectMapping: 0.156400 ms MarkObjects: 2.750900 ms  DeleteObjects: 0.266200 ms)

AssetImportParameters requested are different than current active one (requested -> active):
  custom:video-decoder-ogg-theora: a1e56fd34408186e4bbccfd4996cb3dc -> 
  custom:container-muxer-webm: aa71ff27fc2769a1b78a27578f13a17b -> 
  custom:container-demuxer-webm: 4f35f7cbe854078d1ac9338744f61a02 -> 
  custom:video-encoder-webm-vp8: eb34c28f22e8b96e1ab97ce403110664 -> 
  custom:video-codec-MediaFoundation-h265: 746d11721c4dcdbdad8f713fa42b33f4 -> 
  custom:audio-encoder-webm-vorbis: bf7c407c2cedff20999df2af8eb42d56 -> 
  custom:framework-win-MediaFoundation: 216162199b28c13a410421893ffa2e32 -> 
  custom:container-demuxer-ogg: 62fdf1f143b41e24485cea50d1cbac27 -> 
  custom:video-decoder-webm-vp8: 9c59270c3fd7afecdb556c50c9e8de78 -> 
  custom:audio-decoder-ogg-vorbis: bf7c407c2cedff20999df2af8eb42d56 -> 
========================================================================
Received Import Request.
  Time since last request: 512.170213 seconds.
  path: Assets/Gumball_Machine/Prefabs/gumball_machine_lod1.prefab
  artifactKey: Guid(c1bc9d5ef128b1a41898d146059a174f) Importer(815301076,1909f56bfc062723c751e8b465ee728b)
Start importing Assets/Gumball_Machine/Prefabs/gumball_machine_lod1.prefab using Guid(c1bc9d5ef128b1a41898d146059a174f) Importer(815301076,1909f56bfc062723c751e8b465ee728b)  -> (artifact id: '8575f2d80ad9613ebd69f46da9aaf928') in 0.250937 seconds 
========================================================================
Received Import Request.
  Time since last request: 0.000023 seconds.
  path: Assets/Gumball_Machine/Prefabs/gumball_machine_lod2.prefab
  artifactKey: Guid(4aea644a6f4de9541af5ea7da92e97fa) Importer(815301076,1909f56bfc062723c751e8b465ee728b)
Start importing Assets/Gumball_Machine/Prefabs/gumball_machine_lod2.prefab using Guid(4aea644a6f4de9541af5ea7da92e97fa) Importer(815301076,1909f56bfc062723c751e8b465ee728b)  -> (artifact id: '54d27f99f843ac57714d45b714f2e293') in 0.049240 seconds 
========================================================================
Received Prepare
Registering precompiled user dll's ...
Registered in 0.011475 seconds.
Begin MonoManager ReloadAssembly
Symbol file LoadedFromMemory doesn't match image D:\SupermarkeT\Library\PackageCache\com.unity.visualscripting@1.7.8\Editor\VisualScripting.Core\Dependencies\YamlDotNet\Unity.VisualScripting.YamlDotNet.dll
Symbol file LoadedFromMemory doesn't match image D:\SupermarkeT\Library\PackageCache\com.unity.visualscripting@1.7.8\Editor\VisualScripting.Core\Dependencies\DotNetZip\Unity.VisualScripting.IonicZip.dll
Native extension for WindowsStandalone target not found
Native extension for OSXStandalone target not found
Refreshing native plugins compatible for Editor in 1.26 ms, found 3 plugins.
Preloading 0 native plugins for Editor in 0.00 ms.
Mono: successfully reloaded assembly
- Completed reload, in  1.098 seconds
Domain Reload Profiling:
	ReloadAssembly (1099ms)
		BeginReloadAssembly (192ms)
			ExecutionOrderSort (0ms)
			DisableScriptedObjects (4ms)
			BackupInstance (0ms)
			ReleaseScriptingObjects (0ms)
			CreateAndSetChildDomain (64ms)
		EndReloadAssembly (781ms)
			LoadAssemblies (109ms)
			RebuildTransferFunctionScriptingTraits (0ms)
			SetupTypeCache (219ms)
			ReleaseScriptCaches (1ms)
			RebuildScriptCaches (32ms)
			SetupLoadedEditorAssemblies (384ms)
				LogAssemblyErrors (0ms)
				InitializePlatformSupportModulesInManaged (25ms)
				SetLoadedEditorAssemblies (0ms)
				RefreshPlugins (1ms)
				BeforeProcessingInitializeOnLoad (107ms)
				ProcessInitializeOnLoadAttributes (190ms)
				ProcessInitializeOnLoadMethodAttributes (26ms)
				AfterProcessingInitializeOnLoad (34ms)
				EditorAssembliesLoaded (0ms)
			ExecutionOrderSort2 (0ms)
			AwakeInstancesAfterBackupRestoration (7ms)
Platform modules already initialized, skipping
Refreshing native plugins compatible for Editor in 2.16 ms, found 3 plugins.
Preloading 0 native plugins for Editor in 0.00 ms.
Unloading 3538 Unused Serialized files (Serialized files now loaded: 0)
Unloading 22 unused Assets / (175.2 KB). Loaded Objects now: 4047.
Memory consumption went from 133.5 MB to 133.3 MB.
Total: 3.209800 ms (FindLiveObjects: 0.245100 ms CreateObjectMapping: 0.084800 ms MarkObjects: 2.706900 ms  DeleteObjects: 0.169900 ms)

AssetImportParameters requested are different than current active one (requested -> active):
  custom:video-decoder-ogg-theora: a1e56fd34408186e4bbccfd4996cb3dc -> 
  custom:container-muxer-webm: aa71ff27fc2769a1b78a27578f13a17b -> 
  custom:container-demuxer-webm: 4f35f7cbe854078d1ac9338744f61a02 -> 
  custom:video-encoder-webm-vp8: eb34c28f22e8b96e1ab97ce403110664 -> 
  custom:video-codec-MediaFoundation-h265: 746d11721c4dcdbdad8f713fa42b33f4 -> 
  custom:audio-encoder-webm-vorbis: bf7c407c2cedff20999df2af8eb42d56 -> 
  custom:framework-win-MediaFoundation: 216162199b28c13a410421893ffa2e32 -> 
  custom:container-demuxer-ogg: 62fdf1f143b41e24485cea50d1cbac27 -> 
  custom:video-decoder-webm-vp8: 9c59270c3fd7afecdb556c50c9e8de78 -> 
  custom:audio-decoder-ogg-vorbis: bf7c407c2cedff20999df2af8eb42d56 -> 
========================================================================
Received Prepare
Registering precompiled user dll's ...
Registered in 0.007642 seconds.
Begin MonoManager ReloadAssembly
Symbol file LoadedFromMemory doesn't match image D:\SupermarkeT\Library\PackageCache\com.unity.visualscripting@1.7.8\Editor\VisualScripting.Core\Dependencies\YamlDotNet\Unity.VisualScripting.YamlDotNet.dll
Symbol file LoadedFromMemory doesn't match image D:\SupermarkeT\Library\PackageCache\com.unity.visualscripting@1.7.8\Editor\VisualScripting.Core\Dependencies\DotNetZip\Unity.VisualScripting.IonicZip.dll
Native extension for WindowsStandalone target not found
Native extension for OSXStandalone target not found
Refreshing native plugins compatible for Editor in 0.68 ms, found 3 plugins.
Preloading 0 native plugins for Editor in 0.00 ms.
Mono: successfully reloaded assembly
- Completed reload, in  0.977 seconds
Domain Reload Profiling:
	ReloadAssembly (977ms)
		BeginReloadAssembly (150ms)
			ExecutionOrderSort (0ms)
			DisableScriptedObjects (3ms)
			BackupInstance (0ms)
			ReleaseScriptingObjects (0ms)
			CreateAndSetChildDomain (35ms)
		EndReloadAssembly (710ms)
			LoadAssemblies (101ms)
			RebuildTransferFunctionScriptingTraits (0ms)
			SetupTypeCache (195ms)
			ReleaseScriptCaches (1ms)
			RebuildScriptCaches (30ms)
			SetupLoadedEditorAssemblies (352ms)
				LogAssemblyErrors (0ms)
				InitializePlatformSupportModulesInManaged (23ms)
				SetLoadedEditorAssemblies (0ms)
				RefreshPlugins (1ms)
				BeforeProcessingInitializeOnLoad (102ms)
				ProcessInitializeOnLoadAttributes (168ms)
				ProcessInitializeOnLoadMethodAttributes (29ms)
				AfterProcessingInitializeOnLoad (29ms)
				EditorAssembliesLoaded (0ms)
			ExecutionOrderSort2 (0ms)
			AwakeInstancesAfterBackupRestoration (6ms)
Platform modules already initialized, skipping
Refreshing native plugins compatible for Editor in 2.44 ms, found 3 plugins.
Preloading 0 native plugins for Editor in 0.00 ms.
Unloading 3538 Unused Serialized files (Serialized files now loaded: 0)
Unloading 22 unused Assets / (175.7 KB). Loaded Objects now: 4062.
Memory consumption went from 133.6 MB to 133.4 MB.
Total: 3.166200 ms (FindLiveObjects: 0.285600 ms CreateObjectMapping: 0.119400 ms MarkObjects: 2.633500 ms  DeleteObjects: 0.126200 ms)

AssetImportParameters requested are different than current active one (requested -> active):
  custom:video-decoder-ogg-theora: a1e56fd34408186e4bbccfd4996cb3dc -> 
  custom:container-muxer-webm: aa71ff27fc2769a1b78a27578f13a17b -> 
  custom:container-demuxer-webm: 4f35f7cbe854078d1ac9338744f61a02 -> 
  custom:video-encoder-webm-vp8: eb34c28f22e8b96e1ab97ce403110664 -> 
  custom:video-codec-MediaFoundation-h265: 746d11721c4dcdbdad8f713fa42b33f4 -> 
  custom:audio-encoder-webm-vorbis: bf7c407c2cedff20999df2af8eb42d56 -> 
  custom:framework-win-MediaFoundation: 216162199b28c13a410421893ffa2e32 -> 
  custom:container-demuxer-ogg: 62fdf1f143b41e24485cea50d1cbac27 -> 
  custom:video-decoder-webm-vp8: 9c59270c3fd7afecdb556c50c9e8de78 -> 
  custom:audio-decoder-ogg-vorbis: bf7c407c2cedff20999df2af8eb42d56 -> 
========================================================================
Received Import Request.
  Time since last request: 242.543412 seconds.
  path: Assets/Lan_kaedE/Scripts/PlayerMov.cs
  artifactKey: Guid(c5315e10f06173846ac99425af3b7b3e) Importer(815301076,1909f56bfc062723c751e8b465ee728b)
Start importing Assets/Lan_kaedE/Scripts/PlayerMov.cs using Guid(c5315e10f06173846ac99425af3b7b3e) Importer(815301076,1909f56bfc062723c751e8b465ee728b)  -> (artifact id: 'f5788ab3a18a8e960db7cd25e37ed059') in 0.011416 seconds 
========================================================================
Received Prepare
Registering precompiled user dll's ...
Registered in 0.008773 seconds.
Begin MonoManager ReloadAssembly
Symbol file LoadedFromMemory doesn't match image D:\SupermarkeT\Library\PackageCache\com.unity.visualscripting@1.7.8\Editor\VisualScripting.Core\Dependencies\YamlDotNet\Unity.VisualScripting.YamlDotNet.dll
Symbol file LoadedFromMemory doesn't match image D:\SupermarkeT\Library\PackageCache\com.unity.visualscripting@1.7.8\Editor\VisualScripting.Core\Dependencies\DotNetZip\Unity.VisualScripting.IonicZip.dll
Native extension for WindowsStandalone target not found
Native extension for OSXStandalone target not found
Refreshing native plugins compatible for Editor in 1.12 ms, found 3 plugins.
Preloading 0 native plugins for Editor in 0.00 ms.
Mono: successfully reloaded assembly
- Completed reload, in  1.109 seconds
Domain Reload Profiling:
	ReloadAssembly (1110ms)
		BeginReloadAssembly (144ms)
			ExecutionOrderSort (0ms)
			DisableScriptedObjects (3ms)
			BackupInstance (0ms)
			ReleaseScriptingObjects (0ms)
			CreateAndSetChildDomain (33ms)
		EndReloadAssembly (833ms)
			LoadAssemblies (110ms)
			RebuildTransferFunctionScriptingTraits (0ms)
			SetupTypeCache (237ms)
			ReleaseScriptCaches (2ms)
			RebuildScriptCaches (38ms)
			SetupLoadedEditorAssemblies (406ms)
				LogAssemblyErrors (0ms)
				InitializePlatformSupportModulesInManaged (28ms)
				SetLoadedEditorAssemblies (0ms)
				RefreshPlugins (1ms)
				BeforeProcessingInitializeOnLoad (106ms)
				ProcessInitializeOnLoadAttributes (209ms)
				ProcessInitializeOnLoadMethodAttributes (35ms)
				AfterProcessingInitializeOnLoad (27ms)
				EditorAssembliesLoaded (0ms)
			ExecutionOrderSort2 (0ms)
			AwakeInstancesAfterBackupRestoration (7ms)
Platform modules already initialized, skipping
Refreshing native plugins compatible for Editor in 2.77 ms, found 3 plugins.
Preloading 0 native plugins for Editor in 0.00 ms.
Unloading 3538 Unused Serialized files (Serialized files now loaded: 0)
Unloading 22 unused Assets / (175.7 KB). Loaded Objects now: 4077.
Memory consumption went from 133.6 MB to 133.4 MB.
Total: 3.063900 ms (FindLiveObjects: 0.335400 ms CreateObjectMapping: 0.114100 ms MarkObjects: 2.480400 ms  DeleteObjects: 0.132400 ms)

AssetImportParameters requested are different than current active one (requested -> active):
  custom:video-decoder-ogg-theora: a1e56fd34408186e4bbccfd4996cb3dc -> 
  custom:container-muxer-webm: aa71ff27fc2769a1b78a27578f13a17b -> 
  custom:container-demuxer-webm: 4f35f7cbe854078d1ac9338744f61a02 -> 
  custom:video-encoder-webm-vp8: eb34c28f22e8b96e1ab97ce403110664 -> 
  custom:video-codec-MediaFoundation-h265: 746d11721c4dcdbdad8f713fa42b33f4 -> 
  custom:audio-encoder-webm-vorbis: bf7c407c2cedff20999df2af8eb42d56 -> 
  custom:framework-win-MediaFoundation: 216162199b28c13a410421893ffa2e32 -> 
  custom:container-demuxer-ogg: 62fdf1f143b41e24485cea50d1cbac27 -> 
  custom:video-decoder-webm-vp8: 9c59270c3fd7afecdb556c50c9e8de78 -> 
  custom:audio-decoder-ogg-vorbis: bf7c407c2cedff20999df2af8eb42d56 -> 
========================================================================
Received Prepare
Registering precompiled user dll's ...
Registered in 0.009537 seconds.
Begin MonoManager ReloadAssembly
Symbol file LoadedFromMemory doesn't match image D:\SupermarkeT\Library\PackageCache\com.unity.visualscripting@1.7.8\Editor\VisualScripting.Core\Dependencies\YamlDotNet\Unity.VisualScripting.YamlDotNet.dll
Symbol file LoadedFromMemory doesn't match image D:\SupermarkeT\Library\PackageCache\com.unity.visualscripting@1.7.8\Editor\VisualScripting.Core\Dependencies\DotNetZip\Unity.VisualScripting.IonicZip.dll
Native extension for WindowsStandalone target not found
Native extension for OSXStandalone target not found
Refreshing native plugins compatible for Editor in 1.10 ms, found 3 plugins.
Preloading 0 native plugins for Editor in 0.00 ms.
Mono: successfully reloaded assembly
- Completed reload, in  1.295 seconds
Domain Reload Profiling:
	ReloadAssembly (1296ms)
		BeginReloadAssembly (230ms)
			ExecutionOrderSort (0ms)
			DisableScriptedObjects (3ms)
			BackupInstance (0ms)
			ReleaseScriptingObjects (0ms)
			CreateAndSetChildDomain (39ms)
		EndReloadAssembly (924ms)
			LoadAssemblies (174ms)
			RebuildTransferFunctionScriptingTraits (0ms)
			SetupTypeCache (247ms)
			ReleaseScriptCaches (2ms)
			RebuildScriptCaches (48ms)
			SetupLoadedEditorAssemblies (453ms)
				LogAssemblyErrors (0ms)
				InitializePlatformSupportModulesInManaged (30ms)
				SetLoadedEditorAssemblies (0ms)
				RefreshPlugins (1ms)
				BeforeProcessingInitializeOnLoad (122ms)
				ProcessInitializeOnLoadAttributes (241ms)
				ProcessInitializeOnLoadMethodAttributes (30ms)
				AfterProcessingInitializeOnLoad (29ms)
				EditorAssembliesLoaded (0ms)
			ExecutionOrderSort2 (0ms)
			AwakeInstancesAfterBackupRestoration (12ms)
Platform modules already initialized, skipping
Refreshing native plugins compatible for Editor in 3.01 ms, found 3 plugins.
Preloading 0 native plugins for Editor in 0.00 ms.
Unloading 3538 Unused Serialized files (Serialized files now loaded: 0)
Unloading 22 unused Assets / (175.9 KB). Loaded Objects now: 4092.
Memory consumption went from 133.6 MB to 133.4 MB.
Total: 2.895100 ms (FindLiveObjects: 0.217200 ms CreateObjectMapping: 0.101800 ms MarkObjects: 2.421100 ms  DeleteObjects: 0.153200 ms)

AssetImportParameters requested are different than current active one (requested -> active):
  custom:video-decoder-ogg-theora: a1e56fd34408186e4bbccfd4996cb3dc -> 
  custom:container-muxer-webm: aa71ff27fc2769a1b78a27578f13a17b -> 
  custom:container-demuxer-webm: 4f35f7cbe854078d1ac9338744f61a02 -> 
  custom:video-encoder-webm-vp8: eb34c28f22e8b96e1ab97ce403110664 -> 
  custom:video-codec-MediaFoundation-h265: 746d11721c4dcdbdad8f713fa42b33f4 -> 
  custom:audio-encoder-webm-vorbis: bf7c407c2cedff20999df2af8eb42d56 -> 
  custom:framework-win-MediaFoundation: 216162199b28c13a410421893ffa2e32 -> 
  custom:container-demuxer-ogg: 62fdf1f143b41e24485cea50d1cbac27 -> 
  custom:video-decoder-webm-vp8: 9c59270c3fd7afecdb556c50c9e8de78 -> 
  custom:audio-decoder-ogg-vorbis: bf7c407c2cedff20999df2af8eb42d56 -> 
========================================================================
Received Prepare
Registering precompiled user dll's ...
Registered in 0.013610 seconds.
Begin MonoManager ReloadAssembly
Symbol file LoadedFromMemory doesn't match image D:\SupermarkeT\Library\PackageCache\com.unity.visualscripting@1.7.8\Editor\VisualScripting.Core\Dependencies\YamlDotNet\Unity.VisualScripting.YamlDotNet.dll
Symbol file LoadedFromMemory doesn't match image D:\SupermarkeT\Library\PackageCache\com.unity.visualscripting@1.7.8\Editor\VisualScripting.Core\Dependencies\DotNetZip\Unity.VisualScripting.IonicZip.dll
Native extension for WindowsStandalone target not found
Native extension for OSXStandalone target not found
Refreshing native plugins compatible for Editor in 0.64 ms, found 3 plugins.
Preloading 0 native plugins for Editor in 0.00 ms.
Mono: successfully reloaded assembly
- Completed reload, in  1.148 seconds
Domain Reload Profiling:
	ReloadAssembly (1149ms)
		BeginReloadAssembly (152ms)
			ExecutionOrderSort (0ms)
			DisableScriptedObjects (3ms)
			BackupInstance (0ms)
			ReleaseScriptingObjects (0ms)
			CreateAndSetChildDomain (29ms)
		EndReloadAssembly (851ms)
			LoadAssemblies (118ms)
			RebuildTransferFunctionScriptingTraits (0ms)
			SetupTypeCache (223ms)
			ReleaseScriptCaches (2ms)
			RebuildScriptCaches (41ms)
			SetupLoadedEditorAssemblies (412ms)
				LogAssemblyErrors (0ms)
				InitializePlatformSupportModulesInManaged (29ms)
				SetLoadedEditorAssemblies (0ms)
				RefreshPlugins (1ms)
				BeforeProcessingInitializeOnLoad (117ms)
				ProcessInitializeOnLoadAttributes (198ms)
				ProcessInitializeOnLoadMethodAttributes (29ms)
				AfterProcessingInitializeOnLoad (38ms)
				EditorAssembliesLoaded (0ms)
			ExecutionOrderSort2 (0ms)
			AwakeInstancesAfterBackupRestoration (6ms)
Platform modules already initialized, skipping
Refreshing native plugins compatible for Editor in 3.67 ms, found 3 plugins.
Preloading 0 native plugins for Editor in 0.00 ms.
Unloading 3538 Unused Serialized files (Serialized files now loaded: 0)
Unloading 22 unused Assets / (175.8 KB). Loaded Objects now: 4107.
Memory consumption went from 133.6 MB to 133.5 MB.
Total: 2.585200 ms (FindLiveObjects: 0.262400 ms CreateObjectMapping: 0.090400 ms MarkObjects: 2.083000 ms  DeleteObjects: 0.148000 ms)

AssetImportParameters requested are different than current active one (requested -> active):
  custom:video-decoder-ogg-theora: a1e56fd34408186e4bbccfd4996cb3dc -> 
  custom:container-muxer-webm: aa71ff27fc2769a1b78a27578f13a17b -> 
  custom:container-demuxer-webm: 4f35f7cbe854078d1ac9338744f61a02 -> 
  custom:video-encoder-webm-vp8: eb34c28f22e8b96e1ab97ce403110664 -> 
  custom:video-codec-MediaFoundation-h265: 746d11721c4dcdbdad8f713fa42b33f4 -> 
  custom:audio-encoder-webm-vorbis: bf7c407c2cedff20999df2af8eb42d56 -> 
  custom:framework-win-MediaFoundation: 216162199b28c13a410421893ffa2e32 -> 
  custom:container-demuxer-ogg: 62fdf1f143b41e24485cea50d1cbac27 -> 
  custom:video-decoder-webm-vp8: 9c59270c3fd7afecdb556c50c9e8de78 -> 
  custom:audio-decoder-ogg-vorbis: bf7c407c2cedff20999df2af8eb42d56 -> 
========================================================================
Received Prepare
Registering precompiled user dll's ...
Registered in 0.007256 seconds.
Begin MonoManager ReloadAssembly
Symbol file LoadedFromMemory doesn't match image D:\SupermarkeT\Library\PackageCache\com.unity.visualscripting@1.7.8\Editor\VisualScripting.Core\Dependencies\YamlDotNet\Unity.VisualScripting.YamlDotNet.dll
Symbol file LoadedFromMemory doesn't match image D:\SupermarkeT\Library\PackageCache\com.unity.visualscripting@1.7.8\Editor\VisualScripting.Core\Dependencies\DotNetZip\Unity.VisualScripting.IonicZip.dll
Native extension for WindowsStandalone target not found
Native extension for OSXStandalone target not found
Refreshing native plugins compatible for Editor in 0.73 ms, found 3 plugins.
Preloading 0 native plugins for Editor in 0.00 ms.
Mono: successfully reloaded assembly
- Completed reload, in  1.170 seconds
Domain Reload Profiling:
	ReloadAssembly (1171ms)
		BeginReloadAssembly (158ms)
			ExecutionOrderSort (0ms)
			DisableScriptedObjects (3ms)
			BackupInstance (0ms)
			ReleaseScriptingObjects (0ms)
			CreateAndSetChildDomain (32ms)
		EndReloadAssembly (881ms)
			LoadAssemblies (113ms)
			RebuildTransferFunctionScriptingTraits (0ms)
			SetupTypeCache (236ms)
			ReleaseScriptCaches (1ms)
			RebuildScriptCaches (44ms)
			SetupLoadedEditorAssemblies (436ms)
				LogAssemblyErrors (0ms)
				InitializePlatformSupportModulesInManaged (29ms)
				SetLoadedEditorAssemblies (1ms)
				RefreshPlugins (1ms)
				BeforeProcessingInitializeOnLoad (129ms)
				ProcessInitializeOnLoadAttributes (205ms)
				ProcessInitializeOnLoadMethodAttributes (33ms)
				AfterProcessingInitializeOnLoad (38ms)
				EditorAssembliesLoaded (0ms)
			ExecutionOrderSort2 (0ms)
			AwakeInstancesAfterBackupRestoration (6ms)
Platform modules already initialized, skipping
Refreshing native plugins compatible for Editor in 3.02 ms, found 3 plugins.
Preloading 0 native plugins for Editor in 0.00 ms.
Unloading 3538 Unused Serialized files (Serialized files now loaded: 0)
Unloading 22 unused Assets / (175.8 KB). Loaded Objects now: 4122.
Memory consumption went from 133.7 MB to 133.5 MB.
Total: 2.867100 ms (FindLiveObjects: 0.307100 ms CreateObjectMapping: 0.090400 ms MarkObjects: 2.258700 ms  DeleteObjects: 0.209000 ms)

AssetImportParameters requested are different than current active one (requested -> active):
  custom:video-decoder-ogg-theora: a1e56fd34408186e4bbccfd4996cb3dc -> 
  custom:container-muxer-webm: aa71ff27fc2769a1b78a27578f13a17b -> 
  custom:container-demuxer-webm: 4f35f7cbe854078d1ac9338744f61a02 -> 
  custom:video-encoder-webm-vp8: eb34c28f22e8b96e1ab97ce403110664 -> 
  custom:video-codec-MediaFoundation-h265: 746d11721c4dcdbdad8f713fa42b33f4 -> 
  custom:audio-encoder-webm-vorbis: bf7c407c2cedff20999df2af8eb42d56 -> 
  custom:framework-win-MediaFoundation: 216162199b28c13a410421893ffa2e32 -> 
  custom:container-demuxer-ogg: 62fdf1f143b41e24485cea50d1cbac27 -> 
  custom:video-decoder-webm-vp8: 9c59270c3fd7afecdb556c50c9e8de78 -> 
  custom:audio-decoder-ogg-vorbis: bf7c407c2cedff20999df2af8eb42d56 -> 
========================================================================
Received Import Request.
  Time since last request: 312.582034 seconds.
  path: Assets/ModernSupermarket/Models/Architecture/Ceiling.fbx
  artifactKey: Guid(6af53fe2e1e421d49807c1173c1b1ad3) Importer(815301076,1909f56bfc062723c751e8b465ee728b)
Start importing Assets/ModernSupermarket/Models/Architecture/Ceiling.fbx using Guid(6af53fe2e1e421d49807c1173c1b1ad3) Importer(815301076,1909f56bfc062723c751e8b465ee728b)  -> (artifact id: 'c5f7956a11dd2c809aed0339f35f6e6f') in 0.089027 seconds 
========================================================================
Received Import Request.
  Time since last request: 0.412862 seconds.
  path: Assets/ModernSupermarket/Models/Architecture/Pillar.fbx
  artifactKey: Guid(920ad4d33a4b5724a9f9a1ca55919e8f) Importer(815301076,1909f56bfc062723c751e8b465ee728b)
Start importing Assets/ModernSupermarket/Models/Architecture/Pillar.fbx using Guid(920ad4d33a4b5724a9f9a1ca55919e8f) Importer(815301076,1909f56bfc062723c751e8b465ee728b)  -> (artifact id: '3c1eeae61dd9c893361f98e1a4bef3c6') in 0.018689 seconds 
========================================================================
Received Import Request.
  Time since last request: 0.473566 seconds.
  path: Assets/ModernSupermarket/Models/Architecture/PillarTop_BeamCross.fbx
  artifactKey: Guid(1e8b1a4c7d8dc1143a20cf11b576525c) Importer(815301076,1909f56bfc062723c751e8b465ee728b)
Start importing Assets/ModernSupermarket/Models/Architecture/PillarTop_BeamCross.fbx using Guid(1e8b1a4c7d8dc1143a20cf11b576525c) Importer(815301076,1909f56bfc062723c751e8b465ee728b)  -> (artifact id: '4d8409a977975ef01ed20a5bdea68d6e') in 0.037902 seconds 
========================================================================
Received Import Request.
  Time since last request: 0.000021 seconds.
  path: Assets/ModernSupermarket/Models/Architecture/PillarTop_BeamRight.fbx
  artifactKey: Guid(b5fc2054a46e14a439a497d6afce20b2) Importer(815301076,1909f56bfc062723c751e8b465ee728b)
Start importing Assets/ModernSupermarket/Models/Architecture/PillarTop_BeamRight.fbx using Guid(b5fc2054a46e14a439a497d6afce20b2) Importer(815301076,1909f56bfc062723c751e8b465ee728b)  -> (artifact id: 'b0637224c606fd6c9879ecd4062c47e7') in 0.036601 seconds 
========================================================================
Received Import Request.
  Time since last request: 0.000058 seconds.
  path: Assets/ModernSupermarket/Models/Architecture/PillarTop_BeamStraight.fbx
  artifactKey: Guid(e3bb45636e7a84e408f994e41d8fc179) Importer(815301076,1909f56bfc062723c751e8b465ee728b)
Start importing Assets/ModernSupermarket/Models/Architecture/PillarTop_BeamStraight.fbx using Guid(e3bb45636e7a84e408f994e41d8fc179) Importer(815301076,1909f56bfc062723c751e8b465ee728b)  -> (artifact id: 'ee7a62a20baa11f33acd2a2f5ba5ddc9') in 0.035903 seconds 
========================================================================
Received Import Request.
  Time since last request: 0.000023 seconds.
  path: Assets/ModernSupermarket/Models/Architecture/PillarTop_Beam.fbx
  artifactKey: Guid(7bb797e68896fa24794b3be1e93337df) Importer(815301076,1909f56bfc062723c751e8b465ee728b)
Start importing Assets/ModernSupermarket/Models/Architecture/PillarTop_Beam.fbx using Guid(7bb797e68896fa24794b3be1e93337df) Importer(815301076,1909f56bfc062723c751e8b465ee728b)  -> (artifact id: '7b566bdfa8898b1e6d9ecd3c9c6de662') in 0.026714 seconds 
========================================================================
Received Import Request.
  Time since last request: 0.000023 seconds.
  path: Assets/ModernSupermarket/Models/Architecture/PillarTop_BeamTee.fbx
  artifactKey: Guid(c4cfc9954937299489921c97b69d9fb9) Importer(815301076,1909f56bfc062723c751e8b465ee728b)
Start importing Assets/ModernSupermarket/Models/Architecture/PillarTop_BeamTee.fbx using Guid(c4cfc9954937299489921c97b69d9fb9) Importer(815301076,1909f56bfc062723c751e8b465ee728b)  -> (artifact id: 'ffb68465d062054173c23bf100e7d9ef') in 0.034218 seconds 
========================================================================
Received Import Request.
  Time since last request: 0.000025 seconds.
  path: Assets/ModernSupermarket/Models/Architecture/WallDoorLarge.fbx
  artifactKey: Guid(341bfc77891beaa42bd191cfef5c2d35) Importer(815301076,1909f56bfc062723c751e8b465ee728b)
Start importing Assets/ModernSupermarket/Models/Architecture/WallDoorLarge.fbx using Guid(341bfc77891beaa42bd191cfef5c2d35) Importer(815301076,1909f56bfc062723c751e8b465ee728b)  -> (artifact id: '86420b908cfc5370e95b4f0d5600189e') in 0.026259 seconds 
Editor requested this worker to shutdown with reason: Scaling down because of idle timeout
AssetImportWorker is now disconnected from the server
Process exiting
Exiting without the bug reporter. Application will terminate with return code 0